{"/home/dell/WebstormProjects/batApi/src/Resolvers/admin/CategoryResolver.ts": {"path":"/home/dell/WebstormProjects/batApi/src/Resolvers/admin/CategoryResolver.ts","statementMap":{"0":{"start":{"line":1,"column":0},"end":{"line":1,"column":53}},"1":{"start":{"line":2,"column":0},"end":{"line":2,"column":47}},"2":{"start":{"line":3,"column":0},"end":{"line":3,"column":68}},"3":{"start":{"line":6,"column":0},"end":{"line":32,"column":null}},"4":{"start":{"line":9,"column":4},"end":{"line":14,"column":17}},"5":{"start":{"line":16,"column":4},"end":{"line":16,"column":38}},"6":{"start":{"line":21,"column":19},"end":{"line":22,"column":54}},"7":{"start":{"line":23,"column":4},"end":{"line":23,"column":null}},"8":{"start":{"line":28,"column":4},"end":{"line":30,"column":null}},"9":{"start":{"line":8,"column":2},"end":{"line":17,"column":null}},"10":{"start":{"line":7,"column":18},"end":{"line":7,"column":26}},"11":{"start":{"line":20,"column":2},"end":{"line":24,"column":null}},"12":{"start":{"line":19,"column":18},"end":{"line":19,"column":25}},"13":{"start":{"line":27,"column":2},"end":{"line":31,"column":null}},"14":{"start":{"line":26,"column":18},"end":{"line":26,"column":26}},"15":{"start":{"line":6,"column":13},"end":{"line":32,"column":null}},"16":{"start":{"line":6,"column":13},"end":{"line":6,"column":29}}},"fnMap":{"0":{"name":"(anonymous_11)","decl":{"start":{"line":8,"column":15},"end":{"line":8,"column":29}},"loc":{"start":{"line":8,"column":78},"end":{"line":17,"column":null}}},"1":{"name":"(anonymous_13)","decl":{"start":{"line":20,"column":15},"end":{"line":20,"column":29}},"loc":{"start":{"line":20,"column":51},"end":{"line":24,"column":null}}},"2":{"name":"(anonymous_15)","decl":{"start":{"line":27,"column":15},"end":{"line":27,"column":26}},"loc":{"start":{"line":27,"column":52},"end":{"line":31,"column":null}}},"3":{"name":"(anonymous_17)","decl":{"start":{"line":7,"column":12},"end":{"line":7,"column":15}},"loc":{"start":{"line":7,"column":18},"end":{"line":7,"column":26}}},"4":{"name":"(anonymous_18)","decl":{"start":{"line":19,"column":12},"end":{"line":19,"column":15}},"loc":{"start":{"line":19,"column":18},"end":{"line":19,"column":25}}},"5":{"name":"(anonymous_19)","decl":{"start":{"line":26,"column":12},"end":{"line":26,"column":15}},"loc":{"start":{"line":26,"column":18},"end":{"line":26,"column":26}}}},"branchMap":{},"s":{"0":7,"1":7,"2":7,"3":7,"4":1,"5":1,"6":1,"7":1,"8":1,"9":7,"10":7,"11":7,"12":7,"13":7,"14":7,"15":7,"16":7},"f":{"0":1,"1":1,"2":1,"3":7,"4":7,"5":7},"b":{}}
,"/home/dell/WebstormProjects/batApi/src/Resolvers/admin/CouponResolver.ts": {"path":"/home/dell/WebstormProjects/batApi/src/Resolvers/admin/CouponResolver.ts","statementMap":{"0":{"start":{"line":1,"column":0},"end":{"line":1,"column":66}},"1":{"start":{"line":2,"column":0},"end":{"line":2,"column":59}},"2":{"start":{"line":3,"column":0},"end":{"line":3,"column":43}},"3":{"start":{"line":4,"column":0},"end":{"line":4,"column":64}},"4":{"start":{"line":5,"column":0},"end":{"line":5,"column":81}},"5":{"start":{"line":6,"column":0},"end":{"line":6,"column":28}},"6":{"start":{"line":7,"column":0},"end":{"line":7,"column":75}},"7":{"start":{"line":10,"column":0},"end":{"line":63,"column":null}},"8":{"start":{"line":14,"column":4},"end":{"line":23,"column":14}},"9":{"start":{"line":28,"column":19},"end":{"line":31,"column":16}},"10":{"start":{"line":32,"column":4},"end":{"line":32,"column":null}},"11":{"start":{"line":37,"column":4},"end":{"line":50,"column":17}},"12":{"start":{"line":51,"column":4},"end":{"line":51,"column":36}},"13":{"start":{"line":56,"column":19},"end":{"line":56,"column":108}},"14":{"start":{"line":57,"column":4},"end":{"line":61,"column":null}},"15":{"start":{"line":13,"column":2},"end":{"line":24,"column":null}},"16":{"start":{"line":12,"column":18},"end":{"line":12,"column":24}},"17":{"start":{"line":27,"column":2},"end":{"line":33,"column":null}},"18":{"start":{"line":26,"column":18},"end":{"line":26,"column":25}},"19":{"start":{"line":36,"column":2},"end":{"line":52,"column":null}},"20":{"start":{"line":35,"column":18},"end":{"line":35,"column":24}},"21":{"start":{"line":55,"column":2},"end":{"line":62,"column":null}},"22":{"start":{"line":54,"column":15},"end":{"line":54,"column":38}},"23":{"start":{"line":10,"column":13},"end":{"line":63,"column":null}},"24":{"start":{"line":10,"column":13},"end":{"line":10,"column":27}}},"fnMap":{"0":{"name":"(anonymous_11)","decl":{"start":{"line":13,"column":15},"end":{"line":13,"column":24}},"loc":{"start":{"line":13,"column":49},"end":{"line":24,"column":null}}},"1":{"name":"(anonymous_13)","decl":{"start":{"line":27,"column":15},"end":{"line":27,"column":27}},"loc":{"start":{"line":27,"column":49},"end":{"line":33,"column":null}}},"2":{"name":"(anonymous_15)","decl":{"start":{"line":36,"column":15},"end":{"line":36,"column":27}},"loc":{"start":{"line":36,"column":75},"end":{"line":52,"column":null}}},"3":{"name":"(anonymous_17)","decl":{"start":{"line":55,"column":15},"end":{"line":55,"column":25}},"loc":{"start":{"line":55,"column":72},"end":{"line":62,"column":null}}},"4":{"name":"(anonymous_19)","decl":{"start":{"line":12,"column":12},"end":{"line":12,"column":15}},"loc":{"start":{"line":12,"column":18},"end":{"line":12,"column":24}}},"5":{"name":"(anonymous_20)","decl":{"start":{"line":26,"column":12},"end":{"line":26,"column":15}},"loc":{"start":{"line":26,"column":18},"end":{"line":26,"column":25}}},"6":{"name":"(anonymous_21)","decl":{"start":{"line":35,"column":12},"end":{"line":35,"column":15}},"loc":{"start":{"line":35,"column":18},"end":{"line":35,"column":24}}},"7":{"name":"(anonymous_22)","decl":{"start":{"line":54,"column":9},"end":{"line":54,"column":12}},"loc":{"start":{"line":54,"column":15},"end":{"line":54,"column":38}}}},"branchMap":{},"s":{"0":7,"1":7,"2":7,"3":7,"4":7,"5":7,"6":7,"7":7,"8":1,"9":1,"10":1,"11":1,"12":1,"13":1,"14":1,"15":7,"16":7,"17":7,"18":7,"19":7,"20":7,"21":7,"22":7,"23":7,"24":7},"f":{"0":1,"1":1,"2":1,"3":1,"4":7,"5":7,"6":7,"7":7},"b":{}}
,"/home/dell/WebstormProjects/batApi/src/Resolvers/admin/DriverResolver.ts": {"path":"/home/dell/WebstormProjects/batApi/src/Resolvers/admin/DriverResolver.ts","statementMap":{"0":{"start":{"line":1,"column":0},"end":{"line":1,"column":81}},"1":{"start":{"line":2,"column":0},"end":{"line":2,"column":43}},"2":{"start":{"line":3,"column":0},"end":{"line":3,"column":43}},"3":{"start":{"line":4,"column":0},"end":{"line":4,"column":28}},"4":{"start":{"line":5,"column":0},"end":{"line":5,"column":81}},"5":{"start":{"line":6,"column":0},"end":{"line":6,"column":41}},"6":{"start":{"line":7,"column":0},"end":{"line":7,"column":75}},"7":{"start":{"line":10,"column":0},"end":{"line":87,"column":null}},"8":{"start":{"line":14,"column":4},"end":{"line":14,"column":null}},"9":{"start":{"line":20,"column":4},"end":{"line":28,"column":14}},"10":{"start":{"line":34,"column":4},"end":{"line":39,"column":17}},"11":{"start":{"line":40,"column":4},"end":{"line":40,"column":37}},"12":{"start":{"line":45,"column":19},"end":{"line":46,"column":54}},"13":{"start":{"line":47,"column":4},"end":{"line":47,"column":null}},"14":{"start":{"line":53,"column":4},"end":{"line":58,"column":17}},"15":{"start":{"line":59,"column":4},"end":{"line":59,"column":36}},"16":{"start":{"line":65,"column":19},"end":{"line":65,"column":43}},"17":{"start":{"line":66,"column":4},"end":{"line":73,"column":null}},"18":{"start":{"line":67,"column":6},"end":{"line":72,"column":19}},"19":{"start":{"line":74,"column":4},"end":{"line":74,"column":null}},"20":{"start":{"line":80,"column":19},"end":{"line":80,"column":87}},"21":{"start":{"line":81,"column":4},"end":{"line":85,"column":6}},"22":{"start":{"line":13,"column":2},"end":{"line":15,"column":null}},"23":{"start":{"line":12,"column":15},"end":{"line":12,"column":21}},"24":{"start":{"line":19,"column":2},"end":{"line":29,"column":null}},"25":{"start":{"line":18,"column":18},"end":{"line":18,"column":24}},"26":{"start":{"line":33,"column":2},"end":{"line":41,"column":null}},"27":{"start":{"line":32,"column":18},"end":{"line":32,"column":24}},"28":{"start":{"line":44,"column":2},"end":{"line":48,"column":null}},"29":{"start":{"line":43,"column":18},"end":{"line":43,"column":25}},"30":{"start":{"line":52,"column":2},"end":{"line":60,"column":null}},"31":{"start":{"line":51,"column":18},"end":{"line":51,"column":24}},"32":{"start":{"line":64,"column":2},"end":{"line":75,"column":null}},"33":{"start":{"line":63,"column":18},"end":{"line":63,"column":23}},"34":{"start":{"line":79,"column":2},"end":{"line":86,"column":null}},"35":{"start":{"line":78,"column":15},"end":{"line":78,"column":38}},"36":{"start":{"line":10,"column":13},"end":{"line":87,"column":null}},"37":{"start":{"line":10,"column":13},"end":{"line":10,"column":27}}},"fnMap":{"0":{"name":"(anonymous_11)","decl":{"start":{"line":13,"column":15},"end":{"line":13,"column":24}},"loc":{"start":{"line":13,"column":46},"end":{"line":15,"column":null}}},"1":{"name":"(anonymous_13)","decl":{"start":{"line":19,"column":15},"end":{"line":19,"column":24}},"loc":{"start":{"line":19,"column":252},"end":{"line":29,"column":null}}},"2":{"name":"(anonymous_15)","decl":{"start":{"line":33,"column":15},"end":{"line":33,"column":33}},"loc":{"start":{"line":33,"column":91},"end":{"line":41,"column":null}}},"3":{"name":"(anonymous_17)","decl":{"start":{"line":44,"column":15},"end":{"line":44,"column":27}},"loc":{"start":{"line":44,"column":49},"end":{"line":48,"column":null}}},"4":{"name":"(anonymous_19)","decl":{"start":{"line":52,"column":15},"end":{"line":52,"column":27}},"loc":{"start":{"line":52,"column":241},"end":{"line":60,"column":null}}},"5":{"name":"(anonymous_21)","decl":{"start":{"line":64,"column":15},"end":{"line":64,"column":31}},"loc":{"start":{"line":64,"column":86},"end":{"line":75,"column":null}}},"6":{"name":"(anonymous_23)","decl":{"start":{"line":79,"column":15},"end":{"line":79,"column":25}},"loc":{"start":{"line":79,"column":72},"end":{"line":86,"column":null}}},"7":{"name":"(anonymous_25)","decl":{"start":{"line":12,"column":9},"end":{"line":12,"column":12}},"loc":{"start":{"line":12,"column":15},"end":{"line":12,"column":21}}},"8":{"name":"(anonymous_26)","decl":{"start":{"line":18,"column":12},"end":{"line":18,"column":15}},"loc":{"start":{"line":18,"column":18},"end":{"line":18,"column":24}}},"9":{"name":"(anonymous_27)","decl":{"start":{"line":32,"column":12},"end":{"line":32,"column":15}},"loc":{"start":{"line":32,"column":18},"end":{"line":32,"column":24}}},"10":{"name":"(anonymous_28)","decl":{"start":{"line":43,"column":12},"end":{"line":43,"column":15}},"loc":{"start":{"line":43,"column":18},"end":{"line":43,"column":25}}},"11":{"name":"(anonymous_29)","decl":{"start":{"line":51,"column":12},"end":{"line":51,"column":15}},"loc":{"start":{"line":51,"column":18},"end":{"line":51,"column":24}}},"12":{"name":"(anonymous_30)","decl":{"start":{"line":63,"column":12},"end":{"line":63,"column":15}},"loc":{"start":{"line":63,"column":18},"end":{"line":63,"column":23}}},"13":{"name":"(anonymous_31)","decl":{"start":{"line":78,"column":9},"end":{"line":78,"column":12}},"loc":{"start":{"line":78,"column":15},"end":{"line":78,"column":38}}}},"branchMap":{"0":{"loc":{"start":{"line":66,"column":4},"end":{"line":73,"column":null}},"type":"if","locations":[{"start":{"line":66,"column":4},"end":{"line":73,"column":null}},{"start":{"line":66,"column":4},"end":{"line":73,"column":null}}]}},"s":{"0":7,"1":7,"2":7,"3":7,"4":7,"5":7,"6":7,"7":7,"8":1,"9":1,"10":1,"11":1,"12":1,"13":1,"14":1,"15":1,"16":0,"17":0,"18":0,"19":0,"20":1,"21":1,"22":7,"23":7,"24":7,"25":7,"26":7,"27":7,"28":7,"29":7,"30":7,"31":7,"32":7,"33":7,"34":7,"35":7,"36":7,"37":7},"f":{"0":1,"1":1,"2":1,"3":1,"4":1,"5":0,"6":1,"7":7,"8":7,"9":7,"10":7,"11":7,"12":7,"13":7},"b":{"0":[0,0]}}
,"/home/dell/WebstormProjects/batApi/src/Resolvers/admin/OrderResolver.ts": {"path":"/home/dell/WebstormProjects/batApi/src/Resolvers/admin/OrderResolver.ts","statementMap":{"0":{"start":{"line":1,"column":0},"end":{"line":1,"column":81}},"1":{"start":{"line":2,"column":0},"end":{"line":2,"column":43}},"2":{"start":{"line":3,"column":0},"end":{"line":3,"column":41}},"3":{"start":{"line":4,"column":0},"end":{"line":4,"column":74}},"4":{"start":{"line":5,"column":0},"end":{"line":5,"column":81}},"5":{"start":{"line":7,"column":0},"end":{"line":7,"column":43}},"6":{"start":{"line":8,"column":0},"end":{"line":8,"column":30}},"7":{"start":{"line":11,"column":0},"end":{"line":54,"column":null}},"8":{"start":{"line":14,"column":37},"end":{"line":17,"column":6}},"9":{"start":{"line":19,"column":4},"end":{"line":22,"column":null}},"10":{"start":{"line":20,"column":21},"end":{"line":20,"column":51}},"11":{"start":{"line":21,"column":6},"end":{"line":21,"column":null}},"12":{"start":{"line":24,"column":19},"end":{"line":24,"column":52}},"13":{"start":{"line":26,"column":4},"end":{"line":30,"column":null}},"14":{"start":{"line":36,"column":18},"end":{"line":36,"column":41}},"15":{"start":{"line":37,"column":4},"end":{"line":46,"column":null}},"16":{"start":{"line":38,"column":6},"end":{"line":43,"column":19}},"17":{"start":{"line":45,"column":6},"end":{"line":45,"column":null}},"18":{"start":{"line":47,"column":4},"end":{"line":47,"column":17}},"19":{"start":{"line":52,"column":4},"end":{"line":52,"column":35}},"20":{"start":{"line":13,"column":2},"end":{"line":31,"column":null}},"21":{"start":{"line":12,"column":15},"end":{"line":12,"column":37}},"22":{"start":{"line":35,"column":2},"end":{"line":48,"column":null}},"23":{"start":{"line":34,"column":18},"end":{"line":34,"column":23}},"24":{"start":{"line":51,"column":2},"end":{"line":53,"column":null}},"25":{"start":{"line":50,"column":15},"end":{"line":50,"column":20}},"26":{"start":{"line":11,"column":13},"end":{"line":54,"column":null}},"27":{"start":{"line":11,"column":13},"end":{"line":11,"column":26}}},"fnMap":{"0":{"name":"(anonymous_11)","decl":{"start":{"line":13,"column":15},"end":{"line":13,"column":24}},"loc":{"start":{"line":13,"column":106},"end":{"line":31,"column":null}}},"1":{"name":"(anonymous_13)","decl":{"start":{"line":35,"column":15},"end":{"line":35,"column":32}},"loc":{"start":{"line":35,"column":85},"end":{"line":48,"column":null}}},"2":{"name":"(anonymous_15)","decl":{"start":{"line":51,"column":15},"end":{"line":51,"column":23}},"loc":{"start":{"line":51,"column":45},"end":{"line":53,"column":null}}},"3":{"name":"(anonymous_17)","decl":{"start":{"line":12,"column":9},"end":{"line":12,"column":12}},"loc":{"start":{"line":12,"column":15},"end":{"line":12,"column":37}}},"4":{"name":"(anonymous_18)","decl":{"start":{"line":34,"column":12},"end":{"line":34,"column":15}},"loc":{"start":{"line":34,"column":18},"end":{"line":34,"column":23}}},"5":{"name":"(anonymous_19)","decl":{"start":{"line":50,"column":9},"end":{"line":50,"column":12}},"loc":{"start":{"line":50,"column":15},"end":{"line":50,"column":20}}}},"branchMap":{"0":{"loc":{"start":{"line":19,"column":4},"end":{"line":22,"column":null}},"type":"if","locations":[{"start":{"line":19,"column":4},"end":{"line":22,"column":null}},{"start":{"line":19,"column":4},"end":{"line":22,"column":null}}]},"1":{"loc":{"start":{"line":37,"column":4},"end":{"line":46,"column":null}},"type":"if","locations":[{"start":{"line":37,"column":4},"end":{"line":46,"column":null}},{"start":{"line":37,"column":4},"end":{"line":46,"column":null}}]}},"s":{"0":7,"1":7,"2":7,"3":7,"4":7,"5":7,"6":7,"7":7,"8":0,"9":0,"10":0,"11":0,"12":0,"13":0,"14":1,"15":1,"16":1,"17":1,"18":1,"19":0,"20":7,"21":7,"22":7,"23":7,"24":7,"25":7,"26":7,"27":7},"f":{"0":0,"1":1,"2":0,"3":7,"4":7,"5":7},"b":{"0":[0,0],"1":[1,0]}}
,"/home/dell/WebstormProjects/batApi/src/Resolvers/admin/ProductResolver.ts": {"path":"/home/dell/WebstormProjects/batApi/src/Resolvers/admin/ProductResolver.ts","statementMap":{"0":{"start":{"line":1,"column":0},"end":{"line":1,"column":81}},"1":{"start":{"line":2,"column":0},"end":{"line":2,"column":43}},"2":{"start":{"line":3,"column":0},"end":{"line":3,"column":45}},"3":{"start":{"line":4,"column":0},"end":{"line":4,"column":47}},"4":{"start":{"line":5,"column":0},"end":{"line":5,"column":61}},"5":{"start":{"line":6,"column":0},"end":{"line":6,"column":49}},"6":{"start":{"line":7,"column":0},"end":{"line":7,"column":61}},"7":{"start":{"line":8,"column":0},"end":{"line":8,"column":76}},"8":{"start":{"line":9,"column":0},"end":{"line":9,"column":81}},"9":{"start":{"line":10,"column":0},"end":{"line":10,"column":35}},"10":{"start":{"line":13,"column":0},"end":{"line":126,"column":null}},"11":{"start":{"line":16,"column":4},"end":{"line":16,"column":null}},"12":{"start":{"line":21,"column":23},"end":{"line":21,"column":83}},"13":{"start":{"line":23,"column":20},"end":{"line":29,"column":13}},"14":{"start":{"line":31,"column":4},"end":{"line":36,"column":null}},"15":{"start":{"line":31,"column":15},"end":{"line":31,"column":16}},"16":{"start":{"line":32,"column":6},"end":{"line":35,"column":null}},"17":{"start":{"line":38,"column":4},"end":{"line":38,"column":null}},"18":{"start":{"line":44,"column":23},"end":{"line":44,"column":82}},"19":{"start":{"line":45,"column":4},"end":{"line":55,"column":17}},"20":{"start":{"line":57,"column":4},"end":{"line":60,"column":17}},"21":{"start":{"line":62,"column":4},"end":{"line":67,"column":null}},"22":{"start":{"line":62,"column":15},"end":{"line":62,"column":16}},"23":{"start":{"line":63,"column":6},"end":{"line":66,"column":16}},"24":{"start":{"line":69,"column":4},"end":{"line":69,"column":37}},"25":{"start":{"line":75,"column":19},"end":{"line":76,"column":54}},"26":{"start":{"line":77,"column":4},"end":{"line":77,"column":null}},"27":{"start":{"line":82,"column":20},"end":{"line":82,"column":45}},"28":{"start":{"line":84,"column":4},"end":{"line":86,"column":null}},"29":{"start":{"line":85,"column":6},"end":{"line":85,"column":null}},"30":{"start":{"line":88,"column":4},"end":{"line":92,"column":17}},"31":{"start":{"line":94,"column":4},"end":{"line":94,"column":27}},"32":{"start":{"line":96,"column":4},"end":{"line":96,"column":19}},"33":{"start":{"line":101,"column":37},"end":{"line":105,"column":6}},"34":{"start":{"line":107,"column":4},"end":{"line":112,"column":null}},"35":{"start":{"line":108,"column":35},"end":{"line":108,"column":37}},"36":{"start":{"line":109,"column":30},"end":{"line":109,"column":103}},"37":{"start":{"line":110,"column":6},"end":{"line":110,"column":83}},"38":{"start":{"line":110,"column":47},"end":{"line":110,"column":81}},"39":{"start":{"line":111,"column":6},"end":{"line":111,"column":47}},"40":{"start":{"line":114,"column":4},"end":{"line":116,"column":null}},"41":{"start":{"line":115,"column":6},"end":{"line":115,"column":109}},"42":{"start":{"line":115,"column":52},"end":{"line":115,"column":106}},"43":{"start":{"line":118,"column":19},"end":{"line":118,"column":54}},"44":{"start":{"line":120,"column":4},"end":{"line":124,"column":6}},"45":{"start":{"line":15,"column":2},"end":{"line":17,"column":null}},"46":{"start":{"line":14,"column":15},"end":{"line":14,"column":22}},"47":{"start":{"line":20,"column":2},"end":{"line":39,"column":null}},"48":{"start":{"line":19,"column":18},"end":{"line":19,"column":25}},"49":{"start":{"line":43,"column":2},"end":{"line":70,"column":null}},"50":{"start":{"line":42,"column":18},"end":{"line":42,"column":25}},"51":{"start":{"line":74,"column":2},"end":{"line":78,"column":null}},"52":{"start":{"line":73,"column":18},"end":{"line":73,"column":25}},"53":{"start":{"line":81,"column":2},"end":{"line":97,"column":null}},"54":{"start":{"line":80,"column":18},"end":{"line":80,"column":25}},"55":{"start":{"line":100,"column":2},"end":{"line":125,"column":null}},"56":{"start":{"line":99,"column":15},"end":{"line":99,"column":39}},"57":{"start":{"line":13,"column":13},"end":{"line":126,"column":null}},"58":{"start":{"line":13,"column":13},"end":{"line":13,"column":28}}},"fnMap":{"0":{"name":"(anonymous_11)","decl":{"start":{"line":15,"column":15},"end":{"line":15,"column":25}},"loc":{"start":{"line":15,"column":47},"end":{"line":17,"column":null}}},"1":{"name":"(anonymous_13)","decl":{"start":{"line":20,"column":15},"end":{"line":20,"column":25}},"loc":{"start":{"line":20,"column":51},"end":{"line":39,"column":null}}},"2":{"name":"(anonymous_15)","decl":{"start":{"line":43,"column":15},"end":{"line":43,"column":28}},"loc":{"start":{"line":43,"column":77},"end":{"line":70,"column":null}}},"3":{"name":"(anonymous_17)","decl":{"start":{"line":74,"column":15},"end":{"line":74,"column":28}},"loc":{"start":{"line":74,"column":50},"end":{"line":78,"column":null}}},"4":{"name":"(anonymous_19)","decl":{"start":{"line":81,"column":15},"end":{"line":81,"column":28}},"loc":{"start":{"line":81,"column":50},"end":{"line":97,"column":null}}},"5":{"name":"(anonymous_21)","decl":{"start":{"line":100,"column":15},"end":{"line":100,"column":26}},"loc":{"start":{"line":100,"column":138},"end":{"line":125,"column":null}}},"6":{"name":"(anonymous_23)","decl":{"start":{"line":110,"column":36},"end":{"line":110,"column":43}},"loc":{"start":{"line":110,"column":47},"end":{"line":110,"column":81}}},"7":{"name":"(anonymous_24)","decl":{"start":{"line":115,"column":37},"end":{"line":115,"column":48}},"loc":{"start":{"line":115,"column":52},"end":{"line":115,"column":106}}},"8":{"name":"(anonymous_25)","decl":{"start":{"line":14,"column":9},"end":{"line":14,"column":12}},"loc":{"start":{"line":14,"column":15},"end":{"line":14,"column":22}}},"9":{"name":"(anonymous_26)","decl":{"start":{"line":19,"column":12},"end":{"line":19,"column":15}},"loc":{"start":{"line":19,"column":18},"end":{"line":19,"column":25}}},"10":{"name":"(anonymous_27)","decl":{"start":{"line":42,"column":12},"end":{"line":42,"column":15}},"loc":{"start":{"line":42,"column":18},"end":{"line":42,"column":25}}},"11":{"name":"(anonymous_28)","decl":{"start":{"line":73,"column":12},"end":{"line":73,"column":15}},"loc":{"start":{"line":73,"column":18},"end":{"line":73,"column":25}}},"12":{"name":"(anonymous_29)","decl":{"start":{"line":80,"column":12},"end":{"line":80,"column":15}},"loc":{"start":{"line":80,"column":18},"end":{"line":80,"column":25}}},"13":{"name":"(anonymous_30)","decl":{"start":{"line":99,"column":9},"end":{"line":99,"column":12}},"loc":{"start":{"line":99,"column":15},"end":{"line":99,"column":39}}}},"branchMap":{"0":{"loc":{"start":{"line":84,"column":4},"end":{"line":86,"column":null}},"type":"if","locations":[{"start":{"line":84,"column":4},"end":{"line":86,"column":null}},{"start":{"line":84,"column":4},"end":{"line":86,"column":null}}]},"1":{"loc":{"start":{"line":107,"column":4},"end":{"line":112,"column":null}},"type":"if","locations":[{"start":{"line":107,"column":4},"end":{"line":112,"column":null}},{"start":{"line":107,"column":4},"end":{"line":112,"column":null}}]},"2":{"loc":{"start":{"line":114,"column":4},"end":{"line":116,"column":null}},"type":"if","locations":[{"start":{"line":114,"column":4},"end":{"line":116,"column":null}},{"start":{"line":114,"column":4},"end":{"line":116,"column":null}}]}},"s":{"0":7,"1":7,"2":7,"3":7,"4":7,"5":7,"6":7,"7":7,"8":7,"9":7,"10":7,"11":0,"12":1,"13":1,"14":1,"15":1,"16":1,"17":1,"18":1,"19":1,"20":1,"21":1,"22":1,"23":0,"24":1,"25":1,"26":1,"27":1,"28":1,"29":0,"30":1,"31":1,"32":1,"33":0,"34":0,"35":0,"36":0,"37":0,"38":0,"39":0,"40":0,"41":0,"42":0,"43":0,"44":0,"45":7,"46":7,"47":7,"48":7,"49":7,"50":7,"51":7,"52":7,"53":7,"54":7,"55":7,"56":7,"57":7,"58":7},"f":{"0":0,"1":1,"2":1,"3":1,"4":1,"5":0,"6":0,"7":0,"8":7,"9":7,"10":7,"11":7,"12":7,"13":7},"b":{"0":[0,1],"1":[0,0],"2":[0,0]}}
,"/home/dell/WebstormProjects/batApi/src/Resolvers/admin/UserGroupResolver.ts": {"path":"/home/dell/WebstormProjects/batApi/src/Resolvers/admin/UserGroupResolver.ts","statementMap":{"0":{"start":{"line":1,"column":0},"end":{"line":1,"column":66}},"1":{"start":{"line":2,"column":0},"end":{"line":2,"column":49}},"2":{"start":{"line":3,"column":0},"end":{"line":3,"column":28}},"3":{"start":{"line":4,"column":0},"end":{"line":4,"column":81}},"4":{"start":{"line":5,"column":0},"end":{"line":5,"column":39}},"5":{"start":{"line":6,"column":0},"end":{"line":6,"column":78}},"6":{"start":{"line":9,"column":0},"end":{"line":57,"column":null}},"7":{"start":{"line":12,"column":19},"end":{"line":12,"column":90}},"8":{"start":{"line":13,"column":4},"end":{"line":17,"column":null}},"9":{"start":{"line":22,"column":4},"end":{"line":25,"column":14}},"10":{"start":{"line":30,"column":22},"end":{"line":36,"column":16}},"11":{"start":{"line":38,"column":4},"end":{"line":38,"column":null}},"12":{"start":{"line":43,"column":22},"end":{"line":43,"column":70}},"13":{"start":{"line":45,"column":4},"end":{"line":47,"column":null}},"14":{"start":{"line":46,"column":6},"end":{"line":46,"column":54}},"15":{"start":{"line":49,"column":19},"end":{"line":52,"column":16}},"16":{"start":{"line":53,"column":4},"end":{"line":53,"column":29}},"17":{"start":{"line":11,"column":2},"end":{"line":18,"column":null}},"18":{"start":{"line":10,"column":15},"end":{"line":10,"column":41}},"19":{"start":{"line":21,"column":2},"end":{"line":26,"column":null}},"20":{"start":{"line":20,"column":18},"end":{"line":20,"column":27}},"21":{"start":{"line":29,"column":2},"end":{"line":39,"column":null}},"22":{"start":{"line":28,"column":18},"end":{"line":28,"column":27}},"23":{"start":{"line":42,"column":2},"end":{"line":54,"column":null}},"24":{"start":{"line":41,"column":18},"end":{"line":41,"column":25}},"25":{"start":{"line":9,"column":13},"end":{"line":57,"column":null}},"26":{"start":{"line":9,"column":13},"end":{"line":9,"column":30}}},"fnMap":{"0":{"name":"(anonymous_11)","decl":{"start":{"line":11,"column":15},"end":{"line":11,"column":28}},"loc":{"start":{"line":11,"column":75},"end":{"line":18,"column":null}}},"1":{"name":"(anonymous_13)","decl":{"start":{"line":21,"column":15},"end":{"line":21,"column":27}},"loc":{"start":{"line":21,"column":94},"end":{"line":26,"column":null}}},"2":{"name":"(anonymous_15)","decl":{"start":{"line":29,"column":15},"end":{"line":29,"column":30}},"loc":{"start":{"line":29,"column":119},"end":{"line":39,"column":null}}},"3":{"name":"(anonymous_17)","decl":{"start":{"line":42,"column":15},"end":{"line":42,"column":30}},"loc":{"start":{"line":42,"column":52},"end":{"line":54,"column":null}}},"4":{"name":"(anonymous_19)","decl":{"start":{"line":10,"column":9},"end":{"line":10,"column":12}},"loc":{"start":{"line":10,"column":15},"end":{"line":10,"column":41}}},"5":{"name":"(anonymous_20)","decl":{"start":{"line":20,"column":12},"end":{"line":20,"column":15}},"loc":{"start":{"line":20,"column":18},"end":{"line":20,"column":27}}},"6":{"name":"(anonymous_21)","decl":{"start":{"line":28,"column":12},"end":{"line":28,"column":15}},"loc":{"start":{"line":28,"column":18},"end":{"line":28,"column":27}}},"7":{"name":"(anonymous_22)","decl":{"start":{"line":41,"column":12},"end":{"line":41,"column":15}},"loc":{"start":{"line":41,"column":18},"end":{"line":41,"column":25}}}},"branchMap":{"0":{"loc":{"start":{"line":45,"column":4},"end":{"line":47,"column":null}},"type":"if","locations":[{"start":{"line":45,"column":4},"end":{"line":47,"column":null}},{"start":{"line":45,"column":4},"end":{"line":47,"column":null}}]}},"s":{"0":7,"1":7,"2":7,"3":7,"4":7,"5":7,"6":7,"7":1,"8":1,"9":1,"10":1,"11":1,"12":1,"13":1,"14":0,"15":1,"16":1,"17":7,"18":7,"19":7,"20":7,"21":7,"22":7,"23":7,"24":7,"25":7,"26":7},"f":{"0":1,"1":1,"2":1,"3":1,"4":7,"5":7,"6":7,"7":7},"b":{"0":[0,1]}}
,"/home/dell/WebstormProjects/batApi/src/Resolvers/admin/UserResolver.ts": {"path":"/home/dell/WebstormProjects/batApi/src/Resolvers/admin/UserResolver.ts","statementMap":{"0":{"start":{"line":1,"column":0},"end":{"line":1,"column":71}},"1":{"start":{"line":2,"column":0},"end":{"line":2,"column":58}},"2":{"start":{"line":3,"column":0},"end":{"line":3,"column":39}},"3":{"start":{"line":4,"column":0},"end":{"line":4,"column":49}},"4":{"start":{"line":6,"column":0},"end":{"line":6,"column":81}},"5":{"start":{"line":7,"column":0},"end":{"line":7,"column":33}},"6":{"start":{"line":8,"column":0},"end":{"line":8,"column":73}},"7":{"start":{"line":9,"column":0},"end":{"line":9,"column":55}},"8":{"start":{"line":10,"column":0},"end":{"line":10,"column":45}},"9":{"start":{"line":13,"column":16},"end":{"line":13,"column":33}},"10":{"start":{"line":16,"column":0},"end":{"line":89,"column":null}},"11":{"start":{"line":19,"column":37},"end":{"line":19,"column":106}},"12":{"start":{"line":21,"column":4},"end":{"line":23,"column":null}},"13":{"start":{"line":22,"column":6},"end":{"line":22,"column":null}},"14":{"start":{"line":22,"column":52},"end":{"line":22,"column":106}},"15":{"start":{"line":25,"column":4},"end":{"line":27,"column":null}},"16":{"start":{"line":26,"column":6},"end":{"line":26,"column":null}},"17":{"start":{"line":26,"column":53},"end":{"line":26,"column":108}},"18":{"start":{"line":29,"column":19},"end":{"line":29,"column":51}},"19":{"start":{"line":31,"column":4},"end":{"line":35,"column":null}},"20":{"start":{"line":40,"column":4},"end":{"line":40,"column":62}},"21":{"start":{"line":45,"column":17},"end":{"line":45,"column":48}},"22":{"start":{"line":46,"column":22},"end":{"line":46,"column":58}},"23":{"start":{"line":47,"column":16},"end":{"line":52,"column":13}},"24":{"start":{"line":54,"column":4},"end":{"line":54,"column":33}},"25":{"start":{"line":59,"column":17},"end":{"line":59,"column":56}},"26":{"start":{"line":61,"column":4},"end":{"line":63,"column":null}},"27":{"start":{"line":62,"column":6},"end":{"line":62,"column":null}},"28":{"start":{"line":65,"column":19},"end":{"line":65,"column":64}},"29":{"start":{"line":67,"column":4},"end":{"line":69,"column":null}},"30":{"start":{"line":68,"column":6},"end":{"line":68,"column":null}},"31":{"start":{"line":71,"column":4},"end":{"line":73,"column":null}},"32":{"start":{"line":72,"column":6},"end":{"line":72,"column":null}},"33":{"start":{"line":75,"column":4},"end":{"line":75,"column":37}},"34":{"start":{"line":77,"column":4},"end":{"line":77,"column":16}},"35":{"start":{"line":82,"column":19},"end":{"line":85,"column":16}},"36":{"start":{"line":87,"column":4},"end":{"line":87,"column":null}},"37":{"start":{"line":18,"column":2},"end":{"line":36,"column":null}},"38":{"start":{"line":17,"column":15},"end":{"line":17,"column":36}},"39":{"start":{"line":39,"column":2},"end":{"line":41,"column":null}},"40":{"start":{"line":38,"column":15},"end":{"line":38,"column":19}},"41":{"start":{"line":44,"column":2},"end":{"line":55,"column":null}},"42":{"start":{"line":43,"column":18},"end":{"line":43,"column":22}},"43":{"start":{"line":58,"column":2},"end":{"line":78,"column":null}},"44":{"start":{"line":57,"column":18},"end":{"line":57,"column":22}},"45":{"start":{"line":81,"column":2},"end":{"line":88,"column":null}},"46":{"start":{"line":80,"column":18},"end":{"line":80,"column":25}},"47":{"start":{"line":16,"column":13},"end":{"line":89,"column":null}},"48":{"start":{"line":16,"column":13},"end":{"line":16,"column":25}}},"fnMap":{"0":{"name":"(anonymous_11)","decl":{"start":{"line":18,"column":15},"end":{"line":18,"column":23}},"loc":{"start":{"line":18,"column":125},"end":{"line":36,"column":null}}},"1":{"name":"(anonymous_13)","decl":{"start":{"line":22,"column":37},"end":{"line":22,"column":48}},"loc":{"start":{"line":22,"column":52},"end":{"line":22,"column":106}}},"2":{"name":"(anonymous_14)","decl":{"start":{"line":26,"column":38},"end":{"line":26,"column":49}},"loc":{"start":{"line":26,"column":53},"end":{"line":26,"column":108}}},"3":{"name":"(anonymous_15)","decl":{"start":{"line":39,"column":15},"end":{"line":39,"column":22}},"loc":{"start":{"line":39,"column":44},"end":{"line":41,"column":null}}},"4":{"name":"(anonymous_17)","decl":{"start":{"line":44,"column":15},"end":{"line":44,"column":22}},"loc":{"start":{"line":44,"column":106},"end":{"line":55,"column":null}}},"5":{"name":"(anonymous_19)","decl":{"start":{"line":58,"column":15},"end":{"line":58,"column":20}},"loc":{"start":{"line":58,"column":82},"end":{"line":78,"column":null}}},"6":{"name":"(anonymous_21)","decl":{"start":{"line":81,"column":15},"end":{"line":81,"column":25}},"loc":{"start":{"line":81,"column":47},"end":{"line":88,"column":null}}},"7":{"name":"(anonymous_23)","decl":{"start":{"line":17,"column":9},"end":{"line":17,"column":12}},"loc":{"start":{"line":17,"column":15},"end":{"line":17,"column":36}}},"8":{"name":"(anonymous_24)","decl":{"start":{"line":38,"column":9},"end":{"line":38,"column":12}},"loc":{"start":{"line":38,"column":15},"end":{"line":38,"column":19}}},"9":{"name":"(anonymous_25)","decl":{"start":{"line":43,"column":12},"end":{"line":43,"column":15}},"loc":{"start":{"line":43,"column":18},"end":{"line":43,"column":22}}},"10":{"name":"(anonymous_26)","decl":{"start":{"line":57,"column":12},"end":{"line":57,"column":15}},"loc":{"start":{"line":57,"column":18},"end":{"line":57,"column":22}}},"11":{"name":"(anonymous_27)","decl":{"start":{"line":80,"column":12},"end":{"line":80,"column":15}},"loc":{"start":{"line":80,"column":18},"end":{"line":80,"column":25}}}},"branchMap":{"0":{"loc":{"start":{"line":21,"column":4},"end":{"line":23,"column":null}},"type":"if","locations":[{"start":{"line":21,"column":4},"end":{"line":23,"column":null}},{"start":{"line":21,"column":4},"end":{"line":23,"column":null}}]},"1":{"loc":{"start":{"line":25,"column":4},"end":{"line":27,"column":null}},"type":"if","locations":[{"start":{"line":25,"column":4},"end":{"line":27,"column":null}},{"start":{"line":25,"column":4},"end":{"line":27,"column":null}}]},"2":{"loc":{"start":{"line":61,"column":4},"end":{"line":63,"column":null}},"type":"if","locations":[{"start":{"line":61,"column":4},"end":{"line":63,"column":null}},{"start":{"line":61,"column":4},"end":{"line":63,"column":null}}]},"3":{"loc":{"start":{"line":67,"column":4},"end":{"line":69,"column":null}},"type":"if","locations":[{"start":{"line":67,"column":4},"end":{"line":69,"column":null}},{"start":{"line":67,"column":4},"end":{"line":69,"column":null}}]},"4":{"loc":{"start":{"line":71,"column":4},"end":{"line":73,"column":null}},"type":"if","locations":[{"start":{"line":71,"column":4},"end":{"line":73,"column":null}},{"start":{"line":71,"column":4},"end":{"line":73,"column":null}}]}},"s":{"0":7,"1":7,"2":7,"3":7,"4":7,"5":7,"6":7,"7":7,"8":7,"9":7,"10":7,"11":2,"12":2,"13":0,"14":0,"15":2,"16":0,"17":0,"18":2,"19":2,"20":2,"21":1,"22":1,"23":1,"24":1,"25":3,"26":3,"27":2,"28":1,"29":1,"30":0,"31":1,"32":0,"33":1,"34":1,"35":1,"36":1,"37":7,"38":7,"39":7,"40":7,"41":7,"42":7,"43":7,"44":7,"45":7,"46":7,"47":7,"48":7},"f":{"0":2,"1":0,"2":0,"3":2,"4":1,"5":3,"6":1,"7":7,"8":7,"9":7,"10":7,"11":7},"b":{"0":[0,2],"1":[0,2],"2":[2,1],"3":[0,1],"4":[0,1]}}
,"/home/dell/WebstormProjects/batApi/src/Resolvers/shared/AddressResolver.ts": {"path":"/home/dell/WebstormProjects/batApi/src/Resolvers/shared/AddressResolver.ts","statementMap":{"0":{"start":{"line":1,"column":0},"end":{"line":1,"column":87}},"1":{"start":{"line":2,"column":0},"end":{"line":2,"column":45}},"2":{"start":{"line":4,"column":0},"end":{"line":4,"column":47}},"3":{"start":{"line":5,"column":0},"end":{"line":5,"column":43}},"4":{"start":{"line":6,"column":0},"end":{"line":6,"column":38}},"5":{"start":{"line":7,"column":0},"end":{"line":7,"column":28}},"6":{"start":{"line":8,"column":0},"end":{"line":8,"column":76}},"7":{"start":{"line":9,"column":0},"end":{"line":9,"column":81}},"8":{"start":{"line":12,"column":0},"end":{"line":63,"column":null}},"9":{"start":{"line":16,"column":4},"end":{"line":16,"column":null}},"10":{"start":{"line":22,"column":21},"end":{"line":22,"column":67}},"11":{"start":{"line":23,"column":4},"end":{"line":28,"column":14}},"12":{"start":{"line":34,"column":4},"end":{"line":39,"column":17}},"13":{"start":{"line":41,"column":4},"end":{"line":41,"column":48}},"14":{"start":{"line":47,"column":19},"end":{"line":48,"column":54}},"15":{"start":{"line":49,"column":4},"end":{"line":49,"column":null}},"16":{"start":{"line":55,"column":21},"end":{"line":55,"column":85}},"17":{"start":{"line":56,"column":19},"end":{"line":56,"column":105}},"18":{"start":{"line":57,"column":4},"end":{"line":61,"column":6}},"19":{"start":{"line":15,"column":2},"end":{"line":17,"column":null}},"20":{"start":{"line":14,"column":15},"end":{"line":14,"column":22}},"21":{"start":{"line":21,"column":2},"end":{"line":29,"column":null}},"22":{"start":{"line":20,"column":18},"end":{"line":20,"column":25}},"23":{"start":{"line":33,"column":2},"end":{"line":42,"column":null}},"24":{"start":{"line":32,"column":18},"end":{"line":32,"column":25}},"25":{"start":{"line":46,"column":2},"end":{"line":50,"column":null}},"26":{"start":{"line":45,"column":18},"end":{"line":45,"column":25}},"27":{"start":{"line":54,"column":2},"end":{"line":62,"column":null}},"28":{"start":{"line":53,"column":15},"end":{"line":53,"column":39}},"29":{"start":{"line":12,"column":13},"end":{"line":63,"column":null}},"30":{"start":{"line":12,"column":13},"end":{"line":12,"column":28}}},"fnMap":{"0":{"name":"(anonymous_11)","decl":{"start":{"line":15,"column":15},"end":{"line":15,"column":25}},"loc":{"start":{"line":15,"column":47},"end":{"line":17,"column":null}}},"1":{"name":"(anonymous_13)","decl":{"start":{"line":21,"column":15},"end":{"line":21,"column":25}},"loc":{"start":{"line":21,"column":153},"end":{"line":29,"column":null}}},"2":{"name":"(anonymous_15)","decl":{"start":{"line":33,"column":15},"end":{"line":33,"column":28}},"loc":{"start":{"line":33,"column":155},"end":{"line":42,"column":null}}},"3":{"name":"(anonymous_17)","decl":{"start":{"line":46,"column":15},"end":{"line":46,"column":28}},"loc":{"start":{"line":46,"column":50},"end":{"line":50,"column":null}}},"4":{"name":"(anonymous_19)","decl":{"start":{"line":54,"column":15},"end":{"line":54,"column":27}},"loc":{"start":{"line":54,"column":98},"end":{"line":62,"column":null}}},"5":{"name":"(anonymous_21)","decl":{"start":{"line":14,"column":9},"end":{"line":14,"column":12}},"loc":{"start":{"line":14,"column":15},"end":{"line":14,"column":22}}},"6":{"name":"(anonymous_22)","decl":{"start":{"line":20,"column":12},"end":{"line":20,"column":15}},"loc":{"start":{"line":20,"column":18},"end":{"line":20,"column":25}}},"7":{"name":"(anonymous_23)","decl":{"start":{"line":32,"column":12},"end":{"line":32,"column":15}},"loc":{"start":{"line":32,"column":18},"end":{"line":32,"column":25}}},"8":{"name":"(anonymous_24)","decl":{"start":{"line":45,"column":12},"end":{"line":45,"column":15}},"loc":{"start":{"line":45,"column":18},"end":{"line":45,"column":25}}},"9":{"name":"(anonymous_25)","decl":{"start":{"line":53,"column":9},"end":{"line":53,"column":12}},"loc":{"start":{"line":53,"column":15},"end":{"line":53,"column":39}}}},"branchMap":{},"s":{"0":7,"1":7,"2":7,"3":7,"4":7,"5":7,"6":7,"7":7,"8":7,"9":1,"10":1,"11":1,"12":1,"13":1,"14":1,"15":1,"16":3,"17":3,"18":3,"19":7,"20":7,"21":7,"22":7,"23":7,"24":7,"25":7,"26":7,"27":7,"28":7,"29":7,"30":7},"f":{"0":1,"1":1,"2":1,"3":1,"4":3,"5":7,"6":7,"7":7,"8":7,"9":7},"b":{}}
,"/home/dell/WebstormProjects/batApi/src/Resolvers/shared/CartResolver.ts": {"path":"/home/dell/WebstormProjects/batApi/src/Resolvers/shared/CartResolver.ts","statementMap":{"0":{"start":{"line":1,"column":0},"end":{"line":1,"column":43}},"1":{"start":{"line":2,"column":0},"end":{"line":2,"column":86}},"2":{"start":{"line":3,"column":0},"end":{"line":3,"column":39}},"3":{"start":{"line":5,"column":0},"end":{"line":5,"column":43}},"4":{"start":{"line":6,"column":0},"end":{"line":6,"column":53}},"5":{"start":{"line":7,"column":0},"end":{"line":7,"column":47}},"6":{"start":{"line":8,"column":0},"end":{"line":8,"column":45}},"7":{"start":{"line":9,"column":0},"end":{"line":9,"column":81}},"8":{"start":{"line":12,"column":0},"end":{"line":118,"column":null}},"9":{"start":{"line":16,"column":21},"end":{"line":16,"column":68}},"10":{"start":{"line":17,"column":17},"end":{"line":17,"column":56}},"11":{"start":{"line":19,"column":4},"end":{"line":21,"column":null}},"12":{"start":{"line":20,"column":6},"end":{"line":20,"column":null}},"13":{"start":{"line":23,"column":4},"end":{"line":23,"column":null}},"14":{"start":{"line":29,"column":21},"end":{"line":29,"column":67}},"15":{"start":{"line":30,"column":19},"end":{"line":30,"column":59}},"16":{"start":{"line":31,"column":4},"end":{"line":33,"column":null}},"17":{"start":{"line":32,"column":6},"end":{"line":32,"column":null}},"18":{"start":{"line":34,"column":4},"end":{"line":38,"column":17}},"19":{"start":{"line":39,"column":4},"end":{"line":39,"column":48}},"20":{"start":{"line":45,"column":21},"end":{"line":45,"column":67}},"21":{"start":{"line":46,"column":17},"end":{"line":46,"column":58}},"22":{"start":{"line":47,"column":20},"end":{"line":47,"column":52}},"23":{"start":{"line":48,"column":4},"end":{"line":52,"column":null}},"24":{"start":{"line":49,"column":6},"end":{"line":51,"column":null}},"25":{"start":{"line":50,"column":8},"end":{"line":50,"column":62}},"26":{"start":{"line":54,"column":4},"end":{"line":60,"column":null}},"27":{"start":{"line":55,"column":6},"end":{"line":59,"column":16}},"28":{"start":{"line":62,"column":4},"end":{"line":62,"column":null}},"29":{"start":{"line":69,"column":21},"end":{"line":69,"column":67}},"30":{"start":{"line":70,"column":17},"end":{"line":70,"column":59}},"31":{"start":{"line":71,"column":19},"end":{"line":73,"column":16}},"32":{"start":{"line":74,"column":4},"end":{"line":74,"column":null}},"33":{"start":{"line":80,"column":21},"end":{"line":80,"column":67}},"34":{"start":{"line":81,"column":17},"end":{"line":81,"column":59}},"35":{"start":{"line":82,"column":20},"end":{"line":82,"column":52}},"36":{"start":{"line":84,"column":4},"end":{"line":86,"column":null}},"37":{"start":{"line":85,"column":6},"end":{"line":85,"column":60}},"38":{"start":{"line":88,"column":4},"end":{"line":98,"column":null}},"39":{"start":{"line":89,"column":6},"end":{"line":96,"column":19}},"40":{"start":{"line":100,"column":4},"end":{"line":100,"column":51}},"41":{"start":{"line":106,"column":21},"end":{"line":106,"column":67}},"42":{"start":{"line":107,"column":17},"end":{"line":107,"column":59}},"43":{"start":{"line":108,"column":4},"end":{"line":115,"column":null}},"44":{"start":{"line":109,"column":21},"end":{"line":113,"column":18}},"45":{"start":{"line":114,"column":6},"end":{"line":114,"column":31}},"46":{"start":{"line":116,"column":4},"end":{"line":116,"column":null}},"47":{"start":{"line":15,"column":2},"end":{"line":24,"column":null}},"48":{"start":{"line":14,"column":15},"end":{"line":14,"column":19}},"49":{"start":{"line":28,"column":2},"end":{"line":40,"column":null}},"50":{"start":{"line":27,"column":18},"end":{"line":27,"column":22}},"51":{"start":{"line":44,"column":2},"end":{"line":63,"column":null}},"52":{"start":{"line":43,"column":18},"end":{"line":43,"column":22}},"53":{"start":{"line":68,"column":2},"end":{"line":75,"column":null}},"54":{"start":{"line":67,"column":18},"end":{"line":67,"column":25}},"55":{"start":{"line":79,"column":2},"end":{"line":101,"column":null}},"56":{"start":{"line":77,"column":18},"end":{"line":77,"column":22}},"57":{"start":{"line":105,"column":2},"end":{"line":117,"column":null}},"58":{"start":{"line":103,"column":18},"end":{"line":103,"column":25}},"59":{"start":{"line":12,"column":13},"end":{"line":118,"column":null}},"60":{"start":{"line":12,"column":13},"end":{"line":12,"column":25}}},"fnMap":{"0":{"name":"(anonymous_11)","decl":{"start":{"line":15,"column":15},"end":{"line":15,"column":22}},"loc":{"start":{"line":15,"column":93},"end":{"line":24,"column":null}}},"1":{"name":"(anonymous_13)","decl":{"start":{"line":28,"column":15},"end":{"line":28,"column":30}},"loc":{"start":{"line":28,"column":79},"end":{"line":40,"column":null}}},"2":{"name":"(anonymous_15)","decl":{"start":{"line":44,"column":15},"end":{"line":44,"column":31}},"loc":{"start":{"line":44,"column":126},"end":{"line":63,"column":null}}},"3":{"name":"(anonymous_17)","decl":{"start":{"line":68,"column":15},"end":{"line":68,"column":32}},"loc":{"start":{"line":68,"column":55},"end":{"line":75,"column":null}}},"4":{"name":"(anonymous_19)","decl":{"start":{"line":79,"column":15},"end":{"line":79,"column":36}},"loc":{"start":{"line":79,"column":131},"end":{"line":101,"column":null}}},"5":{"name":"(anonymous_21)","decl":{"start":{"line":105,"column":15},"end":{"line":105,"column":36}},"loc":{"start":{"line":105,"column":96},"end":{"line":117,"column":null}}},"6":{"name":"(anonymous_23)","decl":{"start":{"line":14,"column":9},"end":{"line":14,"column":12}},"loc":{"start":{"line":14,"column":15},"end":{"line":14,"column":19}}},"7":{"name":"(anonymous_24)","decl":{"start":{"line":27,"column":12},"end":{"line":27,"column":15}},"loc":{"start":{"line":27,"column":18},"end":{"line":27,"column":22}}},"8":{"name":"(anonymous_25)","decl":{"start":{"line":43,"column":12},"end":{"line":43,"column":15}},"loc":{"start":{"line":43,"column":18},"end":{"line":43,"column":22}}},"9":{"name":"(anonymous_26)","decl":{"start":{"line":67,"column":12},"end":{"line":67,"column":15}},"loc":{"start":{"line":67,"column":18},"end":{"line":67,"column":25}}},"10":{"name":"(anonymous_27)","decl":{"start":{"line":77,"column":12},"end":{"line":77,"column":15}},"loc":{"start":{"line":77,"column":18},"end":{"line":77,"column":22}}},"11":{"name":"(anonymous_28)","decl":{"start":{"line":103,"column":12},"end":{"line":103,"column":15}},"loc":{"start":{"line":103,"column":18},"end":{"line":103,"column":25}}}},"branchMap":{"0":{"loc":{"start":{"line":19,"column":4},"end":{"line":21,"column":null}},"type":"if","locations":[{"start":{"line":19,"column":4},"end":{"line":21,"column":null}},{"start":{"line":19,"column":4},"end":{"line":21,"column":null}}]},"1":{"loc":{"start":{"line":31,"column":4},"end":{"line":33,"column":null}},"type":"if","locations":[{"start":{"line":31,"column":4},"end":{"line":33,"column":null}},{"start":{"line":31,"column":4},"end":{"line":33,"column":null}}]},"2":{"loc":{"start":{"line":48,"column":4},"end":{"line":52,"column":null}},"type":"if","locations":[{"start":{"line":48,"column":4},"end":{"line":52,"column":null}},{"start":{"line":48,"column":4},"end":{"line":52,"column":null}}]},"3":{"loc":{"start":{"line":49,"column":6},"end":{"line":51,"column":null}},"type":"if","locations":[{"start":{"line":49,"column":6},"end":{"line":51,"column":null}},{"start":{"line":49,"column":6},"end":{"line":51,"column":null}}]},"4":{"loc":{"start":{"line":54,"column":4},"end":{"line":60,"column":null}},"type":"if","locations":[{"start":{"line":54,"column":4},"end":{"line":60,"column":null}},{"start":{"line":54,"column":4},"end":{"line":60,"column":null}}]},"5":{"loc":{"start":{"line":84,"column":4},"end":{"line":86,"column":null}},"type":"if","locations":[{"start":{"line":84,"column":4},"end":{"line":86,"column":null}},{"start":{"line":84,"column":4},"end":{"line":86,"column":null}}]},"6":{"loc":{"start":{"line":84,"column":7},"end":{"line":84,"column":14}},"type":"binary-expr","locations":[{"start":{"line":84,"column":7},"end":{"line":84,"column":14}},{"start":{"line":84,"column":18},"end":{"line":84,"column":45}}]},"7":{"loc":{"start":{"line":88,"column":4},"end":{"line":98,"column":null}},"type":"if","locations":[{"start":{"line":88,"column":4},"end":{"line":98,"column":null}},{"start":{"line":88,"column":4},"end":{"line":98,"column":null}}]},"8":{"loc":{"start":{"line":88,"column":7},"end":{"line":88,"column":11}},"type":"binary-expr","locations":[{"start":{"line":88,"column":7},"end":{"line":88,"column":11}},{"start":{"line":88,"column":15},"end":{"line":88,"column":22}}]},"9":{"loc":{"start":{"line":108,"column":4},"end":{"line":115,"column":null}},"type":"if","locations":[{"start":{"line":108,"column":4},"end":{"line":115,"column":null}},{"start":{"line":108,"column":4},"end":{"line":115,"column":null}}]}},"s":{"0":7,"1":7,"2":7,"3":7,"4":7,"5":7,"6":7,"7":7,"8":7,"9":3,"10":3,"11":3,"12":3,"13":3,"14":0,"15":0,"16":0,"17":0,"18":0,"19":0,"20":2,"21":2,"22":2,"23":2,"24":2,"25":1,"26":1,"27":1,"28":1,"29":1,"30":1,"31":1,"32":1,"33":2,"34":2,"35":2,"36":2,"37":1,"38":1,"39":1,"40":1,"41":1,"42":1,"43":1,"44":1,"45":1,"46":0,"47":7,"48":7,"49":7,"50":7,"51":7,"52":7,"53":7,"54":7,"55":7,"56":7,"57":7,"58":7,"59":7,"60":7},"f":{"0":3,"1":0,"2":2,"3":1,"4":2,"5":1,"6":7,"7":7,"8":7,"9":7,"10":7,"11":7},"b":{"0":[3,0],"1":[0,0],"2":[2,0],"3":[1,1],"4":[1,0],"5":[1,1],"6":[2,2],"7":[1,0],"8":[1,1],"9":[1,0]}}
,"/home/dell/WebstormProjects/batApi/src/Resolvers/shared/CategoryResolver.ts": {"path":"/home/dell/WebstormProjects/batApi/src/Resolvers/shared/CategoryResolver.ts","statementMap":{"0":{"start":{"line":1,"column":0},"end":{"line":1,"column":56}},"1":{"start":{"line":2,"column":0},"end":{"line":2,"column":47}},"2":{"start":{"line":3,"column":0},"end":{"line":3,"column":33}},"3":{"start":{"line":4,"column":0},"end":{"line":4,"column":77}},"4":{"start":{"line":5,"column":0},"end":{"line":5,"column":81}},"5":{"start":{"line":6,"column":0},"end":{"line":6,"column":45}},"6":{"start":{"line":9,"column":0},"end":{"line":32,"column":null}},"7":{"start":{"line":12,"column":4},"end":{"line":12,"column":65}},"8":{"start":{"line":17,"column":37},"end":{"line":19,"column":6}},"9":{"start":{"line":21,"column":4},"end":{"line":23,"column":null}},"10":{"start":{"line":22,"column":6},"end":{"line":22,"column":109}},"11":{"start":{"line":22,"column":52},"end":{"line":22,"column":106}},"12":{"start":{"line":25,"column":19},"end":{"line":25,"column":55}},"13":{"start":{"line":26,"column":4},"end":{"line":30,"column":6}},"14":{"start":{"line":11,"column":2},"end":{"line":13,"column":null}},"15":{"start":{"line":10,"column":15},"end":{"line":10,"column":23}},"16":{"start":{"line":16,"column":2},"end":{"line":31,"column":null}},"17":{"start":{"line":15,"column":15},"end":{"line":15,"column":40}},"18":{"start":{"line":9,"column":13},"end":{"line":32,"column":null}},"19":{"start":{"line":9,"column":13},"end":{"line":9,"column":29}}},"fnMap":{"0":{"name":"(anonymous_11)","decl":{"start":{"line":11,"column":15},"end":{"line":11,"column":26}},"loc":{"start":{"line":11,"column":117},"end":{"line":13,"column":null}}},"1":{"name":"(anonymous_13)","decl":{"start":{"line":16,"column":15},"end":{"line":16,"column":28}},"loc":{"start":{"line":16,"column":81},"end":{"line":31,"column":null}}},"2":{"name":"(anonymous_15)","decl":{"start":{"line":22,"column":37},"end":{"line":22,"column":48}},"loc":{"start":{"line":22,"column":52},"end":{"line":22,"column":106}}},"3":{"name":"(anonymous_16)","decl":{"start":{"line":10,"column":9},"end":{"line":10,"column":12}},"loc":{"start":{"line":10,"column":15},"end":{"line":10,"column":23}}},"4":{"name":"(anonymous_17)","decl":{"start":{"line":15,"column":9},"end":{"line":15,"column":12}},"loc":{"start":{"line":15,"column":15},"end":{"line":15,"column":40}}}},"branchMap":{"0":{"loc":{"start":{"line":21,"column":4},"end":{"line":23,"column":null}},"type":"if","locations":[{"start":{"line":21,"column":4},"end":{"line":23,"column":null}},{"start":{"line":21,"column":4},"end":{"line":23,"column":null}}]}},"s":{"0":14,"1":14,"2":14,"3":14,"4":14,"5":14,"6":14,"7":1,"8":4,"9":4,"10":2,"11":2,"12":4,"13":4,"14":14,"15":21,"16":14,"17":21,"18":14,"19":14},"f":{"0":1,"1":4,"2":2,"3":21,"4":21},"b":{"0":[2,2]}}
,"/home/dell/WebstormProjects/batApi/src/Resolvers/shared/CostumerResolver.ts": {"path":"/home/dell/WebstormProjects/batApi/src/Resolvers/shared/CostumerResolver.ts","statementMap":{"0":{"start":{"line":1,"column":0},"end":{"line":1,"column":80}},"1":{"start":{"line":2,"column":0},"end":{"line":2,"column":47}},"2":{"start":{"line":3,"column":0},"end":{"line":3,"column":65}},"3":{"start":{"line":4,"column":0},"end":{"line":4,"column":43}},"4":{"start":{"line":6,"column":0},"end":{"line":6,"column":39}},"5":{"start":{"line":9,"column":0},"end":{"line":41,"column":null}},"6":{"start":{"line":13,"column":4},"end":{"line":13,"column":76}},"7":{"start":{"line":18,"column":21},"end":{"line":22,"column":13}},"8":{"start":{"line":23,"column":4},"end":{"line":25,"column":14}},"9":{"start":{"line":26,"column":4},"end":{"line":26,"column":null}},"10":{"start":{"line":31,"column":21},"end":{"line":31,"column":67}},"11":{"start":{"line":33,"column":4},"end":{"line":35,"column":null}},"12":{"start":{"line":34,"column":6},"end":{"line":34,"column":null}},"13":{"start":{"line":37,"column":4},"end":{"line":37,"column":41}},"14":{"start":{"line":39,"column":4},"end":{"line":39,"column":null}},"15":{"start":{"line":12,"column":2},"end":{"line":14,"column":null}},"16":{"start":{"line":11,"column":15},"end":{"line":11,"column":23}},"17":{"start":{"line":17,"column":2},"end":{"line":27,"column":null}},"18":{"start":{"line":16,"column":18},"end":{"line":16,"column":26}},"19":{"start":{"line":30,"column":2},"end":{"line":40,"column":null}},"20":{"start":{"line":29,"column":18},"end":{"line":29,"column":26}},"21":{"start":{"line":9,"column":13},"end":{"line":41,"column":null}},"22":{"start":{"line":9,"column":13},"end":{"line":9,"column":29}}},"fnMap":{"0":{"name":"(anonymous_11)","decl":{"start":{"line":12,"column":15},"end":{"line":12,"column":17}},"loc":{"start":{"line":12,"column":40},"end":{"line":14,"column":null}}},"1":{"name":"(anonymous_13)","decl":{"start":{"line":17,"column":15},"end":{"line":17,"column":23}},"loc":{"start":{"line":17,"column":79},"end":{"line":27,"column":null}}},"2":{"name":"(anonymous_15)","decl":{"start":{"line":30,"column":15},"end":{"line":30,"column":20}},"loc":{"start":{"line":30,"column":80},"end":{"line":40,"column":null}}},"3":{"name":"(anonymous_17)","decl":{"start":{"line":11,"column":9},"end":{"line":11,"column":12}},"loc":{"start":{"line":11,"column":15},"end":{"line":11,"column":23}}},"4":{"name":"(anonymous_18)","decl":{"start":{"line":16,"column":12},"end":{"line":16,"column":15}},"loc":{"start":{"line":16,"column":18},"end":{"line":16,"column":26}}},"5":{"name":"(anonymous_19)","decl":{"start":{"line":29,"column":12},"end":{"line":29,"column":15}},"loc":{"start":{"line":29,"column":18},"end":{"line":29,"column":26}}}},"branchMap":{"0":{"loc":{"start":{"line":33,"column":4},"end":{"line":35,"column":null}},"type":"if","locations":[{"start":{"line":33,"column":4},"end":{"line":35,"column":null}},{"start":{"line":33,"column":4},"end":{"line":35,"column":null}}]}},"s":{"0":7,"1":7,"2":7,"3":7,"4":7,"5":7,"6":1,"7":1,"8":1,"9":1,"10":2,"11":2,"12":1,"13":1,"14":1,"15":7,"16":7,"17":7,"18":7,"19":7,"20":7,"21":7,"22":7},"f":{"0":1,"1":1,"2":2,"3":7,"4":7,"5":7},"b":{"0":[1,1]}}
,"/home/dell/WebstormProjects/batApi/src/Resolvers/shared/CouponResolver.ts": {"path":"/home/dell/WebstormProjects/batApi/src/Resolvers/shared/CouponResolver.ts","statementMap":{"0":{"start":{"line":1,"column":0},"end":{"line":1,"column":80}},"1":{"start":{"line":2,"column":0},"end":{"line":2,"column":43}},"2":{"start":{"line":3,"column":0},"end":{"line":3,"column":43}},"3":{"start":{"line":5,"column":0},"end":{"line":5,"column":47}},"4":{"start":{"line":6,"column":0},"end":{"line":6,"column":59}},"5":{"start":{"line":9,"column":0},"end":{"line":36,"column":null}},"6":{"start":{"line":13,"column":19},"end":{"line":13,"column":59}},"7":{"start":{"line":14,"column":4},"end":{"line":16,"column":null}},"8":{"start":{"line":15,"column":6},"end":{"line":15,"column":null}},"9":{"start":{"line":18,"column":4},"end":{"line":18,"column":null}},"10":{"start":{"line":24,"column":21},"end":{"line":24,"column":67}},"11":{"start":{"line":25,"column":19},"end":{"line":25,"column":59}},"12":{"start":{"line":27,"column":4},"end":{"line":29,"column":null}},"13":{"start":{"line":28,"column":6},"end":{"line":28,"column":41}},"14":{"start":{"line":31,"column":4},"end":{"line":34,"column":14}},"15":{"start":{"line":12,"column":2},"end":{"line":19,"column":null}},"16":{"start":{"line":11,"column":15},"end":{"line":11,"column":21}},"17":{"start":{"line":23,"column":2},"end":{"line":35,"column":null}},"18":{"start":{"line":22,"column":18},"end":{"line":22,"column":25}},"19":{"start":{"line":9,"column":13},"end":{"line":36,"column":null}},"20":{"start":{"line":9,"column":13},"end":{"line":9,"column":27}}},"fnMap":{"0":{"name":"(anonymous_11)","decl":{"start":{"line":12,"column":15},"end":{"line":12,"column":24}},"loc":{"start":{"line":12,"column":48},"end":{"line":19,"column":null}}},"1":{"name":"(anonymous_13)","decl":{"start":{"line":23,"column":15},"end":{"line":23,"column":34}},"loc":{"start":{"line":23,"column":88},"end":{"line":35,"column":null}}},"2":{"name":"(anonymous_15)","decl":{"start":{"line":11,"column":9},"end":{"line":11,"column":12}},"loc":{"start":{"line":11,"column":15},"end":{"line":11,"column":21}}},"3":{"name":"(anonymous_16)","decl":{"start":{"line":22,"column":12},"end":{"line":22,"column":15}},"loc":{"start":{"line":22,"column":18},"end":{"line":22,"column":25}}}},"branchMap":{"0":{"loc":{"start":{"line":14,"column":4},"end":{"line":16,"column":null}},"type":"if","locations":[{"start":{"line":14,"column":4},"end":{"line":16,"column":null}},{"start":{"line":14,"column":4},"end":{"line":16,"column":null}}]},"1":{"loc":{"start":{"line":14,"column":7},"end":{"line":14,"column":14}},"type":"binary-expr","locations":[{"start":{"line":14,"column":7},"end":{"line":14,"column":14}},{"start":{"line":14,"column":18},"end":{"line":14,"column":35}}]},"2":{"loc":{"start":{"line":27,"column":4},"end":{"line":29,"column":null}},"type":"if","locations":[{"start":{"line":27,"column":4},"end":{"line":29,"column":null}},{"start":{"line":27,"column":4},"end":{"line":29,"column":null}}]},"3":{"loc":{"start":{"line":27,"column":7},"end":{"line":27,"column":14}},"type":"binary-expr","locations":[{"start":{"line":27,"column":7},"end":{"line":27,"column":14}},{"start":{"line":27,"column":18},"end":{"line":27,"column":35}}]}},"s":{"0":14,"1":14,"2":14,"3":14,"4":14,"5":14,"6":0,"7":0,"8":0,"9":0,"10":0,"11":0,"12":0,"13":0,"14":0,"15":14,"16":21,"17":14,"18":21,"19":14,"20":14},"f":{"0":0,"1":0,"2":21,"3":21},"b":{"0":[0,0],"1":[0,0],"2":[0,0],"3":[0,0]}}
,"/home/dell/WebstormProjects/batApi/src/Resolvers/shared/FavouriteResolver.ts": {"path":"/home/dell/WebstormProjects/batApi/src/Resolvers/shared/FavouriteResolver.ts","statementMap":{"0":{"start":{"line":1,"column":0},"end":{"line":1,"column":86}},"1":{"start":{"line":2,"column":0},"end":{"line":2,"column":47}},"2":{"start":{"line":3,"column":0},"end":{"line":3,"column":43}},"3":{"start":{"line":4,"column":0},"end":{"line":4,"column":49}},"4":{"start":{"line":5,"column":0},"end":{"line":5,"column":45}},"5":{"start":{"line":7,"column":0},"end":{"line":7,"column":30}},"6":{"start":{"line":8,"column":0},"end":{"line":8,"column":81}},"7":{"start":{"line":9,"column":0},"end":{"line":9,"column":27}},"8":{"start":{"line":10,"column":0},"end":{"line":10,"column":76}},"9":{"start":{"line":13,"column":0},"end":{"line":52,"column":null}},"10":{"start":{"line":17,"column":21},"end":{"line":17,"column":67}},"11":{"start":{"line":18,"column":20},"end":{"line":18,"column":52}},"12":{"start":{"line":19,"column":22},"end":{"line":19,"column":44}},"13":{"start":{"line":20,"column":22},"end":{"line":20,"column":82}},"14":{"start":{"line":22,"column":4},"end":{"line":31,"column":null}},"15":{"start":{"line":23,"column":20},"end":{"line":28,"column":18}},"16":{"start":{"line":29,"column":6},"end":{"line":29,"column":null}},"17":{"start":{"line":32,"column":19},"end":{"line":35,"column":13}},"18":{"start":{"line":36,"column":4},"end":{"line":36,"column":32}},"19":{"start":{"line":41,"column":21},"end":{"line":41,"column":67}},"20":{"start":{"line":42,"column":19},"end":{"line":42,"column":134}},"21":{"start":{"line":43,"column":34},"end":{"line":43,"column":36}},"22":{"start":{"line":44,"column":4},"end":{"line":44,"column":93}},"23":{"start":{"line":44,"column":55},"end":{"line":44,"column":91}},"24":{"start":{"line":45,"column":20},"end":{"line":45,"column":73}},"25":{"start":{"line":46,"column":4},"end":{"line":50,"column":6}},"26":{"start":{"line":16,"column":2},"end":{"line":37,"column":null}},"27":{"start":{"line":15,"column":18},"end":{"line":15,"column":25}},"28":{"start":{"line":40,"column":2},"end":{"line":51,"column":null}},"29":{"start":{"line":39,"column":15},"end":{"line":39,"column":39}},"30":{"start":{"line":13,"column":13},"end":{"line":52,"column":null}},"31":{"start":{"line":13,"column":13},"end":{"line":13,"column":30}}},"fnMap":{"0":{"name":"(anonymous_11)","decl":{"start":{"line":16,"column":15},"end":{"line":16,"column":30}},"loc":{"start":{"line":16,"column":89},"end":{"line":37,"column":null}}},"1":{"name":"(anonymous_13)","decl":{"start":{"line":40,"column":15},"end":{"line":40,"column":35}},"loc":{"start":{"line":40,"column":105},"end":{"line":51,"column":null}}},"2":{"name":"(anonymous_15)","decl":{"start":{"line":44,"column":28},"end":{"line":44,"column":29}},"loc":{"start":{"line":44,"column":55},"end":{"line":44,"column":91}}},"3":{"name":"(anonymous_16)","decl":{"start":{"line":15,"column":12},"end":{"line":15,"column":15}},"loc":{"start":{"line":15,"column":18},"end":{"line":15,"column":25}}},"4":{"name":"(anonymous_17)","decl":{"start":{"line":39,"column":9},"end":{"line":39,"column":12}},"loc":{"start":{"line":39,"column":15},"end":{"line":39,"column":39}}}},"branchMap":{"0":{"loc":{"start":{"line":22,"column":4},"end":{"line":31,"column":null}},"type":"if","locations":[{"start":{"line":22,"column":4},"end":{"line":31,"column":null}},{"start":{"line":22,"column":4},"end":{"line":31,"column":null}}]}},"s":{"0":7,"1":7,"2":7,"3":7,"4":7,"5":7,"6":7,"7":7,"8":7,"9":7,"10":2,"11":2,"12":2,"13":2,"14":2,"15":1,"16":1,"17":1,"18":1,"19":1,"20":1,"21":1,"22":1,"23":10,"24":1,"25":1,"26":7,"27":7,"28":7,"29":7,"30":7,"31":7},"f":{"0":2,"1":1,"2":10,"3":7,"4":7},"b":{"0":[1,1]}}
,"/home/dell/WebstormProjects/batApi/src/Resolvers/shared/OrderResolver.ts": {"path":"/home/dell/WebstormProjects/batApi/src/Resolvers/shared/OrderResolver.ts","statementMap":{"0":{"start":{"line":1,"column":0},"end":{"line":1,"column":43}},"1":{"start":{"line":2,"column":0},"end":{"line":2,"column":86}},"2":{"start":{"line":4,"column":0},"end":{"line":4,"column":41}},"3":{"start":{"line":5,"column":0},"end":{"line":5,"column":47}},"4":{"start":{"line":6,"column":0},"end":{"line":6,"column":28}},"5":{"start":{"line":7,"column":0},"end":{"line":7,"column":55}},"6":{"start":{"line":8,"column":0},"end":{"line":8,"column":39}},"7":{"start":{"line":9,"column":0},"end":{"line":9,"column":45}},"8":{"start":{"line":10,"column":0},"end":{"line":10,"column":53}},"9":{"start":{"line":11,"column":0},"end":{"line":11,"column":74}},"10":{"start":{"line":12,"column":0},"end":{"line":12,"column":81}},"11":{"start":{"line":15,"column":0},"end":{"line":72,"column":null}},"12":{"start":{"line":19,"column":21},"end":{"line":19,"column":67}},"13":{"start":{"line":20,"column":17},"end":{"line":20,"column":60}},"14":{"start":{"line":22,"column":4},"end":{"line":24,"column":null}},"15":{"start":{"line":23,"column":6},"end":{"line":23,"column":null}},"16":{"start":{"line":26,"column":4},"end":{"line":26,"column":55}},"17":{"start":{"line":28,"column":20},"end":{"line":28,"column":52}},"18":{"start":{"line":30,"column":4},"end":{"line":32,"column":null}},"19":{"start":{"line":31,"column":6},"end":{"line":31,"column":null}},"20":{"start":{"line":34,"column":18},"end":{"line":37,"column":13}},"21":{"start":{"line":39,"column":4},"end":{"line":48,"column":null}},"22":{"start":{"line":40,"column":6},"end":{"line":47,"column":null}},"23":{"start":{"line":40,"column":16},"end":{"line":40,"column":17}},"24":{"start":{"line":41,"column":8},"end":{"line":46,"column":18}},"25":{"start":{"line":50,"column":4},"end":{"line":50,"column":41}},"26":{"start":{"line":56,"column":21},"end":{"line":56,"column":67}},"27":{"start":{"line":57,"column":19},"end":{"line":57,"column":138}},"28":{"start":{"line":58,"column":4},"end":{"line":62,"column":6}},"29":{"start":{"line":68,"column":21},"end":{"line":68,"column":67}},"30":{"start":{"line":69,"column":4},"end":{"line":69,"column":58}},"31":{"start":{"line":18,"column":2},"end":{"line":51,"column":null}},"32":{"start":{"line":17,"column":18},"end":{"line":17,"column":23}},"33":{"start":{"line":55,"column":2},"end":{"line":63,"column":null}},"34":{"start":{"line":54,"column":15},"end":{"line":54,"column":37}},"35":{"start":{"line":67,"column":2},"end":{"line":70,"column":null}},"36":{"start":{"line":66,"column":15},"end":{"line":66,"column":20}},"37":{"start":{"line":15,"column":13},"end":{"line":72,"column":null}},"38":{"start":{"line":15,"column":13},"end":{"line":15,"column":26}}},"fnMap":{"0":{"name":"(anonymous_11)","decl":{"start":{"line":18,"column":15},"end":{"line":18,"column":23}},"loc":{"start":{"line":18,"column":85},"end":{"line":51,"column":null}}},"1":{"name":"(anonymous_13)","decl":{"start":{"line":55,"column":15},"end":{"line":55,"column":24}},"loc":{"start":{"line":55,"column":95},"end":{"line":63,"column":null}}},"2":{"name":"(anonymous_15)","decl":{"start":{"line":67,"column":15},"end":{"line":67,"column":23}},"loc":{"start":{"line":67,"column":69},"end":{"line":70,"column":null}}},"3":{"name":"(anonymous_17)","decl":{"start":{"line":17,"column":12},"end":{"line":17,"column":15}},"loc":{"start":{"line":17,"column":18},"end":{"line":17,"column":23}}},"4":{"name":"(anonymous_18)","decl":{"start":{"line":54,"column":9},"end":{"line":54,"column":12}},"loc":{"start":{"line":54,"column":15},"end":{"line":54,"column":37}}},"5":{"name":"(anonymous_19)","decl":{"start":{"line":66,"column":9},"end":{"line":66,"column":12}},"loc":{"start":{"line":66,"column":15},"end":{"line":66,"column":20}}}},"branchMap":{"0":{"loc":{"start":{"line":22,"column":4},"end":{"line":24,"column":null}},"type":"if","locations":[{"start":{"line":22,"column":4},"end":{"line":24,"column":null}},{"start":{"line":22,"column":4},"end":{"line":24,"column":null}}]},"1":{"loc":{"start":{"line":22,"column":7},"end":{"line":22,"column":12}},"type":"binary-expr","locations":[{"start":{"line":22,"column":7},"end":{"line":22,"column":12}},{"start":{"line":22,"column":16},"end":{"line":22,"column":40}}]},"2":{"loc":{"start":{"line":30,"column":4},"end":{"line":32,"column":null}},"type":"if","locations":[{"start":{"line":30,"column":4},"end":{"line":32,"column":null}},{"start":{"line":30,"column":4},"end":{"line":32,"column":null}}]},"3":{"loc":{"start":{"line":39,"column":4},"end":{"line":48,"column":null}},"type":"if","locations":[{"start":{"line":39,"column":4},"end":{"line":48,"column":null}},{"start":{"line":39,"column":4},"end":{"line":48,"column":null}}]},"4":{"loc":{"start":{"line":39,"column":7},"end":{"line":39,"column":12}},"type":"binary-expr","locations":[{"start":{"line":39,"column":7},"end":{"line":39,"column":12}},{"start":{"line":39,"column":16},"end":{"line":39,"column":34}}]}},"s":{"0":7,"1":7,"2":7,"3":7,"4":7,"5":7,"6":7,"7":7,"8":7,"9":7,"10":7,"11":7,"12":1,"13":1,"14":1,"15":0,"16":1,"17":1,"18":1,"19":0,"20":1,"21":1,"22":1,"23":1,"24":3,"25":1,"26":2,"27":2,"28":2,"29":1,"30":1,"31":7,"32":7,"33":7,"34":7,"35":7,"36":7,"37":7,"38":7},"f":{"0":1,"1":2,"2":1,"3":7,"4":7,"5":7},"b":{"0":[0,1],"1":[1,1],"2":[0,1],"3":[1,0],"4":[1,1]}}
,"/home/dell/WebstormProjects/batApi/src/Resolvers/shared/ProductPictureResolver.ts": {"path":"/home/dell/WebstormProjects/batApi/src/Resolvers/shared/ProductPictureResolver.ts","statementMap":{"0":{"start":{"line":1,"column":0},"end":{"line":1,"column":53}},"1":{"start":{"line":2,"column":0},"end":{"line":2,"column":47}},"2":{"start":{"line":4,"column":0},"end":{"line":4,"column":59}},"3":{"start":{"line":5,"column":0},"end":{"line":5,"column":47}},"4":{"start":{"line":6,"column":0},"end":{"line":6,"column":38}},"5":{"start":{"line":7,"column":0},"end":{"line":7,"column":52}},"6":{"start":{"line":10,"column":0},"end":{"line":31,"column":null}},"7":{"start":{"line":16,"column":20},"end":{"line":16,"column":56}},"8":{"start":{"line":17,"column":4},"end":{"line":17,"column":86}},"9":{"start":{"line":18,"column":27},"end":{"line":22,"column":13}},"10":{"start":{"line":23,"column":4},"end":{"line":23,"column":28}},"11":{"start":{"line":28,"column":4},"end":{"line":28,"column":null}},"12":{"start":{"line":12,"column":2},"end":{"line":24,"column":null}},"13":{"start":{"line":11,"column":18},"end":{"line":11,"column":25}},"14":{"start":{"line":12,"column":85},"end":{"line":12,"column":98}},"15":{"start":{"line":27,"column":2},"end":{"line":29,"column":null}},"16":{"start":{"line":26,"column":18},"end":{"line":26,"column":25}},"17":{"start":{"line":10,"column":13},"end":{"line":31,"column":null}},"18":{"start":{"line":10,"column":13},"end":{"line":10,"column":35}}},"fnMap":{"0":{"name":"(anonymous_11)","decl":{"start":{"line":12,"column":15},"end":{"line":12,"column":32}},"loc":{"start":{"line":15,"column":11},"end":{"line":24,"column":null}}},"1":{"name":"(anonymous_13)","decl":{"start":{"line":27,"column":15},"end":{"line":27,"column":35}},"loc":{"start":{"line":27,"column":64},"end":{"line":29,"column":null}}},"2":{"name":"(anonymous_15)","decl":{"start":{"line":11,"column":12},"end":{"line":11,"column":15}},"loc":{"start":{"line":11,"column":18},"end":{"line":11,"column":25}}},"3":{"name":"(anonymous_16)","decl":{"start":{"line":12,"column":79},"end":{"line":12,"column":82}},"loc":{"start":{"line":12,"column":85},"end":{"line":12,"column":98}}},"4":{"name":"(anonymous_17)","decl":{"start":{"line":26,"column":12},"end":{"line":26,"column":15}},"loc":{"start":{"line":26,"column":18},"end":{"line":26,"column":25}}}},"branchMap":{},"s":{"0":7,"1":7,"2":7,"3":7,"4":7,"5":7,"6":7,"7":0,"8":0,"9":0,"10":0,"11":0,"12":7,"13":7,"14":7,"15":7,"16":7,"17":7,"18":7},"f":{"0":0,"1":0,"2":7,"3":7,"4":7},"b":{}}
,"/home/dell/WebstormProjects/batApi/src/Resolvers/shared/ProductResolver.ts": {"path":"/home/dell/WebstormProjects/batApi/src/Resolvers/shared/ProductResolver.ts","statementMap":{"0":{"start":{"line":1,"column":0},"end":{"line":1,"column":71}},"1":{"start":{"line":2,"column":0},"end":{"line":2,"column":43}},"2":{"start":{"line":3,"column":0},"end":{"line":3,"column":45}},"3":{"start":{"line":5,"column":0},"end":{"line":5,"column":81}},"4":{"start":{"line":6,"column":0},"end":{"line":6,"column":76}},"5":{"start":{"line":7,"column":0},"end":{"line":7,"column":30}},"6":{"start":{"line":10,"column":0},"end":{"line":43,"column":null}},"7":{"start":{"line":14,"column":4},"end":{"line":14,"column":null}},"8":{"start":{"line":20,"column":16},"end":{"line":22,"column":15}},"9":{"start":{"line":24,"column":4},"end":{"line":27,"column":null}},"10":{"start":{"line":25,"column":6},"end":{"line":26,"column":null}},"11":{"start":{"line":29,"column":4},"end":{"line":31,"column":null}},"12":{"start":{"line":30,"column":6},"end":{"line":30,"column":null}},"13":{"start":{"line":33,"column":19},"end":{"line":35,"column":24}},"14":{"start":{"line":37,"column":4},"end":{"line":41,"column":6}},"15":{"start":{"line":13,"column":2},"end":{"line":15,"column":null}},"16":{"start":{"line":12,"column":15},"end":{"line":12,"column":22}},"17":{"start":{"line":19,"column":2},"end":{"line":42,"column":null}},"18":{"start":{"line":18,"column":15},"end":{"line":18,"column":39}},"19":{"start":{"line":10,"column":13},"end":{"line":43,"column":null}},"20":{"start":{"line":10,"column":13},"end":{"line":10,"column":28}}},"fnMap":{"0":{"name":"(anonymous_11)","decl":{"start":{"line":13,"column":15},"end":{"line":13,"column":25}},"loc":{"start":{"line":13,"column":47},"end":{"line":15,"column":null}}},"1":{"name":"(anonymous_13)","decl":{"start":{"line":19,"column":15},"end":{"line":19,"column":26}},"loc":{"start":{"line":19,"column":138},"end":{"line":42,"column":null}}},"2":{"name":"(anonymous_15)","decl":{"start":{"line":12,"column":9},"end":{"line":12,"column":12}},"loc":{"start":{"line":12,"column":15},"end":{"line":12,"column":22}}},"3":{"name":"(anonymous_16)","decl":{"start":{"line":18,"column":9},"end":{"line":18,"column":12}},"loc":{"start":{"line":18,"column":15},"end":{"line":18,"column":39}}}},"branchMap":{"0":{"loc":{"start":{"line":24,"column":4},"end":{"line":27,"column":null}},"type":"if","locations":[{"start":{"line":24,"column":4},"end":{"line":27,"column":null}},{"start":{"line":24,"column":4},"end":{"line":27,"column":null}}]},"1":{"loc":{"start":{"line":29,"column":4},"end":{"line":31,"column":null}},"type":"if","locations":[{"start":{"line":29,"column":4},"end":{"line":31,"column":null}},{"start":{"line":29,"column":4},"end":{"line":31,"column":null}}]}},"s":{"0":7,"1":7,"2":7,"3":7,"4":7,"5":7,"6":7,"7":1,"8":2,"9":2,"10":0,"11":2,"12":0,"13":2,"14":2,"15":7,"16":7,"17":7,"18":7,"19":7,"20":7},"f":{"0":1,"1":2,"2":7,"3":7},"b":{"0":[0,2],"1":[0,2]}}
}
