TN:
SF:/home/dell/WebstormProjects/batApi/src/Resolvers/admin/CategoryResolver.ts
FN:8,(anonymous_11)
FN:20,(anonymous_13)
FN:27,(anonymous_15)
FN:7,(anonymous_17)
FN:19,(anonymous_18)
FN:26,(anonymous_19)
FNF:6
FNH:6
FNDA:1,(anonymous_11)
FNDA:1,(anonymous_13)
FNDA:1,(anonymous_15)
FNDA:7,(anonymous_17)
FNDA:7,(anonymous_18)
FNDA:7,(anonymous_19)
DA:1,7
DA:2,7
DA:3,7
DA:6,7
DA:7,7
DA:8,7
DA:9,1
DA:16,1
DA:19,7
DA:20,7
DA:21,1
DA:23,1
DA:26,7
DA:27,7
DA:28,1
LF:15
LH:15
BRF:0
BRH:0
end_of_record
TN:
SF:/home/dell/WebstormProjects/batApi/src/Resolvers/admin/CouponResolver.ts
FN:13,(anonymous_11)
FN:27,(anonymous_13)
FN:36,(anonymous_15)
FN:55,(anonymous_17)
FN:12,(anonymous_19)
FN:26,(anonymous_20)
FN:35,(anonymous_21)
FN:54,(anonymous_22)
FNF:8
FNH:8
FNDA:1,(anonymous_11)
FNDA:1,(anonymous_13)
FNDA:1,(anonymous_15)
FNDA:1,(anonymous_17)
FNDA:7,(anonymous_19)
FNDA:7,(anonymous_20)
FNDA:7,(anonymous_21)
FNDA:7,(anonymous_22)
DA:1,7
DA:2,7
DA:3,7
DA:4,7
DA:5,7
DA:6,7
DA:7,7
DA:10,7
DA:12,7
DA:13,7
DA:14,1
DA:26,7
DA:27,7
DA:28,1
DA:32,1
DA:35,7
DA:36,7
DA:37,1
DA:51,1
DA:54,7
DA:55,7
DA:56,1
DA:57,1
LF:23
LH:23
BRF:0
BRH:0
end_of_record
TN:
SF:/home/dell/WebstormProjects/batApi/src/Resolvers/admin/DriverResolver.ts
FN:13,(anonymous_11)
FN:19,(anonymous_13)
FN:33,(anonymous_15)
FN:44,(anonymous_17)
FN:52,(anonymous_19)
FN:64,(anonymous_21)
FN:79,(anonymous_23)
FN:12,(anonymous_25)
FN:18,(anonymous_26)
FN:32,(anonymous_27)
FN:43,(anonymous_28)
FN:51,(anonymous_29)
FN:63,(anonymous_30)
FN:78,(anonymous_31)
FNF:14
FNH:13
FNDA:1,(anonymous_11)
FNDA:1,(anonymous_13)
FNDA:1,(anonymous_15)
FNDA:1,(anonymous_17)
FNDA:1,(anonymous_19)
FNDA:0,(anonymous_21)
FNDA:1,(anonymous_23)
FNDA:7,(anonymous_25)
FNDA:7,(anonymous_26)
FNDA:7,(anonymous_27)
FNDA:7,(anonymous_28)
FNDA:7,(anonymous_29)
FNDA:7,(anonymous_30)
FNDA:7,(anonymous_31)
DA:1,7
DA:2,7
DA:3,7
DA:4,7
DA:5,7
DA:6,7
DA:7,7
DA:10,7
DA:12,7
DA:13,7
DA:14,1
DA:18,7
DA:19,7
DA:20,1
DA:32,7
DA:33,7
DA:34,1
DA:40,1
DA:43,7
DA:44,7
DA:45,1
DA:47,1
DA:51,7
DA:52,7
DA:53,1
DA:59,1
DA:63,7
DA:64,7
DA:65,0
DA:66,0
DA:67,0
DA:74,0
DA:78,7
DA:79,7
DA:80,1
DA:81,1
LF:36
LH:32
BRDA:66,0,0,0
BRDA:66,0,1,0
BRF:2
BRH:0
end_of_record
TN:
SF:/home/dell/WebstormProjects/batApi/src/Resolvers/admin/OrderResolver.ts
FN:13,(anonymous_11)
FN:35,(anonymous_13)
FN:51,(anonymous_15)
FN:12,(anonymous_17)
FN:34,(anonymous_18)
FN:50,(anonymous_19)
FNF:6
FNH:4
FNDA:0,(anonymous_11)
FNDA:1,(anonymous_13)
FNDA:0,(anonymous_15)
FNDA:7,(anonymous_17)
FNDA:7,(anonymous_18)
FNDA:7,(anonymous_19)
DA:1,7
DA:2,7
DA:3,7
DA:4,7
DA:5,7
DA:7,7
DA:8,7
DA:11,7
DA:12,7
DA:13,7
DA:14,0
DA:19,0
DA:20,0
DA:21,0
DA:24,0
DA:26,0
DA:34,7
DA:35,7
DA:36,1
DA:37,1
DA:38,1
DA:45,1
DA:47,1
DA:50,7
DA:51,7
DA:52,0
LF:26
LH:19
BRDA:19,0,0,0
BRDA:19,0,1,0
BRDA:37,1,0,1
BRDA:37,1,1,0
BRF:4
BRH:1
end_of_record
TN:
SF:/home/dell/WebstormProjects/batApi/src/Resolvers/admin/ProductResolver.ts
FN:15,(anonymous_11)
FN:20,(anonymous_13)
FN:43,(anonymous_15)
FN:74,(anonymous_17)
FN:81,(anonymous_19)
FN:100,(anonymous_21)
FN:110,(anonymous_23)
FN:115,(anonymous_24)
FN:14,(anonymous_25)
FN:19,(anonymous_26)
FN:42,(anonymous_27)
FN:73,(anonymous_28)
FN:80,(anonymous_29)
FN:99,(anonymous_30)
FNF:14
FNH:10
FNDA:0,(anonymous_11)
FNDA:1,(anonymous_13)
FNDA:1,(anonymous_15)
FNDA:1,(anonymous_17)
FNDA:1,(anonymous_19)
FNDA:0,(anonymous_21)
FNDA:0,(anonymous_23)
FNDA:0,(anonymous_24)
FNDA:7,(anonymous_25)
FNDA:7,(anonymous_26)
FNDA:7,(anonymous_27)
FNDA:7,(anonymous_28)
FNDA:7,(anonymous_29)
FNDA:7,(anonymous_30)
DA:1,7
DA:2,7
DA:3,7
DA:4,7
DA:5,7
DA:6,7
DA:7,7
DA:8,7
DA:9,7
DA:10,7
DA:13,7
DA:14,7
DA:15,7
DA:16,0
DA:19,7
DA:20,7
DA:21,1
DA:23,1
DA:31,1
DA:32,1
DA:38,1
DA:42,7
DA:43,7
DA:44,1
DA:45,1
DA:57,1
DA:62,1
DA:63,0
DA:69,1
DA:73,7
DA:74,7
DA:75,1
DA:77,1
DA:80,7
DA:81,7
DA:82,1
DA:84,1
DA:85,0
DA:88,1
DA:94,1
DA:96,1
DA:99,7
DA:100,7
DA:101,0
DA:107,0
DA:108,0
DA:109,0
DA:110,0
DA:111,0
DA:114,0
DA:115,0
DA:118,0
DA:120,0
LF:53
LH:40
BRDA:84,0,0,0
BRDA:84,0,1,1
BRDA:107,1,0,0
BRDA:107,1,1,0
BRDA:114,2,0,0
BRDA:114,2,1,0
BRF:6
BRH:1
end_of_record
TN:
SF:/home/dell/WebstormProjects/batApi/src/Resolvers/admin/UserGroupResolver.ts
FN:11,(anonymous_11)
FN:21,(anonymous_13)
FN:29,(anonymous_15)
FN:42,(anonymous_17)
FN:10,(anonymous_19)
FN:20,(anonymous_20)
FN:28,(anonymous_21)
FN:41,(anonymous_22)
FNF:8
FNH:8
FNDA:1,(anonymous_11)
FNDA:1,(anonymous_13)
FNDA:1,(anonymous_15)
FNDA:1,(anonymous_17)
FNDA:7,(anonymous_19)
FNDA:7,(anonymous_20)
FNDA:7,(anonymous_21)
FNDA:7,(anonymous_22)
DA:1,7
DA:2,7
DA:3,7
DA:4,7
DA:5,7
DA:6,7
DA:9,7
DA:10,7
DA:11,7
DA:12,1
DA:13,1
DA:20,7
DA:21,7
DA:22,1
DA:28,7
DA:29,7
DA:30,1
DA:38,1
DA:41,7
DA:42,7
DA:43,1
DA:45,1
DA:46,0
DA:49,1
DA:53,1
LF:25
LH:24
BRDA:45,0,0,0
BRDA:45,0,1,1
BRF:2
BRH:1
end_of_record
TN:
SF:/home/dell/WebstormProjects/batApi/src/Resolvers/admin/UserResolver.ts
FN:18,(anonymous_11)
FN:22,(anonymous_13)
FN:26,(anonymous_14)
FN:39,(anonymous_15)
FN:44,(anonymous_17)
FN:58,(anonymous_19)
FN:81,(anonymous_21)
FN:17,(anonymous_23)
FN:38,(anonymous_24)
FN:43,(anonymous_25)
FN:57,(anonymous_26)
FN:80,(anonymous_27)
FNF:12
FNH:10
FNDA:2,(anonymous_11)
FNDA:0,(anonymous_13)
FNDA:0,(anonymous_14)
FNDA:2,(anonymous_15)
FNDA:1,(anonymous_17)
FNDA:3,(anonymous_19)
FNDA:1,(anonymous_21)
FNDA:7,(anonymous_23)
FNDA:7,(anonymous_24)
FNDA:7,(anonymous_25)
FNDA:7,(anonymous_26)
FNDA:7,(anonymous_27)
DA:1,7
DA:2,7
DA:3,7
DA:4,7
DA:6,7
DA:7,7
DA:8,7
DA:9,7
DA:10,7
DA:13,7
DA:16,7
DA:17,7
DA:18,7
DA:19,2
DA:21,2
DA:22,0
DA:25,2
DA:26,0
DA:29,2
DA:31,2
DA:38,7
DA:39,7
DA:40,2
DA:43,7
DA:44,7
DA:45,1
DA:46,1
DA:47,1
DA:54,1
DA:57,7
DA:58,7
DA:59,3
DA:61,3
DA:62,2
DA:65,1
DA:67,1
DA:68,0
DA:71,1
DA:72,0
DA:75,1
DA:77,1
DA:80,7
DA:81,7
DA:82,1
DA:87,1
LF:45
LH:41
BRDA:21,0,0,0
BRDA:21,0,1,2
BRDA:25,1,0,0
BRDA:25,1,1,2
BRDA:61,2,0,2
BRDA:61,2,1,1
BRDA:67,3,0,0
BRDA:67,3,1,1
BRDA:71,4,0,0
BRDA:71,4,1,1
BRF:10
BRH:6
end_of_record
TN:
SF:/home/dell/WebstormProjects/batApi/src/Resolvers/shared/AddressResolver.ts
FN:15,(anonymous_11)
FN:21,(anonymous_13)
FN:33,(anonymous_15)
FN:46,(anonymous_17)
FN:54,(anonymous_19)
FN:14,(anonymous_21)
FN:20,(anonymous_22)
FN:32,(anonymous_23)
FN:45,(anonymous_24)
FN:53,(anonymous_25)
FNF:10
FNH:10
FNDA:1,(anonymous_11)
FNDA:1,(anonymous_13)
FNDA:1,(anonymous_15)
FNDA:1,(anonymous_17)
FNDA:3,(anonymous_19)
FNDA:7,(anonymous_21)
FNDA:7,(anonymous_22)
FNDA:7,(anonymous_23)
FNDA:7,(anonymous_24)
FNDA:7,(anonymous_25)
DA:1,7
DA:2,7
DA:4,7
DA:5,7
DA:6,7
DA:7,7
DA:8,7
DA:9,7
DA:12,7
DA:14,7
DA:15,7
DA:16,1
DA:20,7
DA:21,7
DA:22,1
DA:23,1
DA:32,7
DA:33,7
DA:34,1
DA:41,1
DA:45,7
DA:46,7
DA:47,1
DA:49,1
DA:53,7
DA:54,7
DA:55,3
DA:56,3
DA:57,3
LF:29
LH:29
BRF:0
BRH:0
end_of_record
TN:
SF:/home/dell/WebstormProjects/batApi/src/Resolvers/shared/CartResolver.ts
FN:15,(anonymous_11)
FN:28,(anonymous_13)
FN:44,(anonymous_15)
FN:68,(anonymous_17)
FN:79,(anonymous_19)
FN:105,(anonymous_21)
FN:14,(anonymous_23)
FN:27,(anonymous_24)
FN:43,(anonymous_25)
FN:67,(anonymous_26)
FN:77,(anonymous_27)
FN:103,(anonymous_28)
FNF:12
FNH:11
FNDA:3,(anonymous_11)
FNDA:0,(anonymous_13)
FNDA:2,(anonymous_15)
FNDA:1,(anonymous_17)
FNDA:2,(anonymous_19)
FNDA:1,(anonymous_21)
FNDA:7,(anonymous_23)
FNDA:7,(anonymous_24)
FNDA:7,(anonymous_25)
FNDA:7,(anonymous_26)
FNDA:7,(anonymous_27)
FNDA:7,(anonymous_28)
DA:1,7
DA:2,7
DA:3,7
DA:5,7
DA:6,7
DA:7,7
DA:8,7
DA:9,7
DA:12,7
DA:14,7
DA:15,7
DA:16,3
DA:17,3
DA:19,3
DA:20,3
DA:23,3
DA:27,7
DA:28,7
DA:29,0
DA:30,0
DA:31,0
DA:32,0
DA:34,0
DA:39,0
DA:43,7
DA:44,7
DA:45,2
DA:46,2
DA:47,2
DA:48,2
DA:49,2
DA:50,1
DA:54,1
DA:55,1
DA:62,1
DA:67,7
DA:68,7
DA:69,1
DA:70,1
DA:71,1
DA:74,1
DA:77,7
DA:79,7
DA:80,2
DA:81,2
DA:82,2
DA:84,2
DA:85,1
DA:88,1
DA:89,1
DA:100,1
DA:103,7
DA:105,7
DA:106,1
DA:107,1
DA:108,1
DA:109,1
DA:114,1
DA:116,0
LF:59
LH:52
BRDA:19,0,0,3
BRDA:19,0,1,0
BRDA:31,1,0,0
BRDA:31,1,1,0
BRDA:48,2,0,2
BRDA:48,2,1,0
BRDA:49,3,0,1
BRDA:49,3,1,1
BRDA:54,4,0,1
BRDA:54,4,1,0
BRDA:84,5,0,1
BRDA:84,5,1,1
BRDA:84,6,0,2
BRDA:84,6,1,2
BRDA:88,7,0,1
BRDA:88,7,1,0
BRDA:88,8,0,1
BRDA:88,8,1,1
BRDA:108,9,0,1
BRDA:108,9,1,0
BRF:20
BRH:13
end_of_record
TN:
SF:/home/dell/WebstormProjects/batApi/src/Resolvers/shared/CategoryResolver.ts
FN:11,(anonymous_11)
FN:16,(anonymous_13)
FN:22,(anonymous_15)
FN:10,(anonymous_16)
FN:15,(anonymous_17)
FNF:5
FNH:5
FNDA:1,(anonymous_11)
FNDA:4,(anonymous_13)
FNDA:2,(anonymous_15)
FNDA:21,(anonymous_16)
FNDA:21,(anonymous_17)
DA:1,14
DA:2,14
DA:3,14
DA:4,14
DA:5,14
DA:6,14
DA:9,14
DA:10,21
DA:11,14
DA:12,1
DA:15,21
DA:16,14
DA:17,4
DA:21,4
DA:22,2
DA:25,4
DA:26,4
LF:17
LH:17
BRDA:21,0,0,2
BRDA:21,0,1,2
BRF:2
BRH:2
end_of_record
TN:
SF:/home/dell/WebstormProjects/batApi/src/Resolvers/shared/CostumerResolver.ts
FN:12,(anonymous_11)
FN:17,(anonymous_13)
FN:30,(anonymous_15)
FN:11,(anonymous_17)
FN:16,(anonymous_18)
FN:29,(anonymous_19)
FNF:6
FNH:6
FNDA:1,(anonymous_11)
FNDA:1,(anonymous_13)
FNDA:2,(anonymous_15)
FNDA:7,(anonymous_17)
FNDA:7,(anonymous_18)
FNDA:7,(anonymous_19)
DA:1,7
DA:2,7
DA:3,7
DA:4,7
DA:6,7
DA:9,7
DA:11,7
DA:12,7
DA:13,1
DA:16,7
DA:17,7
DA:18,1
DA:23,1
DA:26,1
DA:29,7
DA:30,7
DA:31,2
DA:33,2
DA:34,1
DA:37,1
DA:39,1
LF:21
LH:21
BRDA:33,0,0,1
BRDA:33,0,1,1
BRF:2
BRH:2
end_of_record
TN:
SF:/home/dell/WebstormProjects/batApi/src/Resolvers/shared/CouponResolver.ts
FN:12,(anonymous_11)
FN:23,(anonymous_13)
FN:11,(anonymous_15)
FN:22,(anonymous_16)
FNF:4
FNH:2
FNDA:0,(anonymous_11)
FNDA:0,(anonymous_13)
FNDA:21,(anonymous_15)
FNDA:21,(anonymous_16)
DA:1,14
DA:2,14
DA:3,14
DA:5,14
DA:6,14
DA:9,14
DA:11,21
DA:12,14
DA:13,0
DA:14,0
DA:15,0
DA:18,0
DA:22,21
DA:23,14
DA:24,0
DA:25,0
DA:27,0
DA:28,0
DA:31,0
LF:19
LH:10
BRDA:14,0,0,0
BRDA:14,0,1,0
BRDA:14,1,0,0
BRDA:14,1,1,0
BRDA:27,2,0,0
BRDA:27,2,1,0
BRDA:27,3,0,0
BRDA:27,3,1,0
BRF:8
BRH:0
end_of_record
TN:
SF:/home/dell/WebstormProjects/batApi/src/Resolvers/shared/FavouriteResolver.ts
FN:16,(anonymous_11)
FN:40,(anonymous_13)
FN:44,(anonymous_15)
FN:15,(anonymous_16)
FN:39,(anonymous_17)
FNF:5
FNH:5
FNDA:2,(anonymous_11)
FNDA:1,(anonymous_13)
FNDA:10,(anonymous_15)
FNDA:7,(anonymous_16)
FNDA:7,(anonymous_17)
DA:1,7
DA:2,7
DA:3,7
DA:4,7
DA:5,7
DA:7,7
DA:8,7
DA:9,7
DA:10,7
DA:13,7
DA:15,7
DA:16,7
DA:17,2
DA:18,2
DA:19,2
DA:20,2
DA:22,2
DA:23,1
DA:29,1
DA:32,1
DA:36,1
DA:39,7
DA:40,7
DA:41,1
DA:42,1
DA:43,1
DA:44,10
DA:45,1
DA:46,1
LF:29
LH:29
BRDA:22,0,0,1
BRDA:22,0,1,1
BRF:2
BRH:2
end_of_record
TN:
SF:/home/dell/WebstormProjects/batApi/src/Resolvers/shared/OrderResolver.ts
FN:18,(anonymous_11)
FN:55,(anonymous_13)
FN:67,(anonymous_15)
FN:17,(anonymous_17)
FN:54,(anonymous_18)
FN:66,(anonymous_19)
FNF:6
FNH:6
FNDA:1,(anonymous_11)
FNDA:2,(anonymous_13)
FNDA:1,(anonymous_15)
FNDA:7,(anonymous_17)
FNDA:7,(anonymous_18)
FNDA:7,(anonymous_19)
DA:1,7
DA:2,7
DA:4,7
DA:5,7
DA:6,7
DA:7,7
DA:8,7
DA:9,7
DA:10,7
DA:11,7
DA:12,7
DA:15,7
DA:17,7
DA:18,7
DA:19,1
DA:20,1
DA:22,1
DA:23,0
DA:26,1
DA:28,1
DA:30,1
DA:31,0
DA:34,1
DA:39,1
DA:40,1
DA:41,3
DA:50,1
DA:54,7
DA:55,7
DA:56,2
DA:57,2
DA:58,2
DA:66,7
DA:67,7
DA:68,1
DA:69,1
LF:36
LH:34
BRDA:22,0,0,0
BRDA:22,0,1,1
BRDA:22,1,0,1
BRDA:22,1,1,1
BRDA:30,2,0,0
BRDA:30,2,1,1
BRDA:39,3,0,1
BRDA:39,3,1,0
BRDA:39,4,0,1
BRDA:39,4,1,1
BRF:10
BRH:7
end_of_record
TN:
SF:/home/dell/WebstormProjects/batApi/src/Resolvers/shared/ProductPictureResolver.ts
FN:12,(anonymous_11)
FN:27,(anonymous_13)
FN:11,(anonymous_15)
FN:12,(anonymous_16)
FN:26,(anonymous_17)
FNF:5
FNH:3
FNDA:0,(anonymous_11)
FNDA:0,(anonymous_13)
FNDA:7,(anonymous_15)
FNDA:7,(anonymous_16)
FNDA:7,(anonymous_17)
DA:1,7
DA:2,7
DA:4,7
DA:5,7
DA:6,7
DA:7,7
DA:10,7
DA:11,7
DA:12,7
DA:16,0
DA:17,0
DA:18,0
DA:23,0
DA:26,7
DA:27,7
DA:28,0
LF:16
LH:11
BRF:0
BRH:0
end_of_record
TN:
SF:/home/dell/WebstormProjects/batApi/src/Resolvers/shared/ProductResolver.ts
FN:13,(anonymous_11)
FN:19,(anonymous_13)
FN:12,(anonymous_15)
FN:18,(anonymous_16)
FNF:4
FNH:4
FNDA:1,(anonymous_11)
FNDA:2,(anonymous_13)
FNDA:7,(anonymous_15)
FNDA:7,(anonymous_16)
DA:1,7
DA:2,7
DA:3,7
DA:5,7
DA:6,7
DA:7,7
DA:10,7
DA:12,7
DA:13,7
DA:14,1
DA:18,7
DA:19,7
DA:20,2
DA:24,2
DA:25,0
DA:29,2
DA:30,0
DA:33,2
DA:37,2
LF:19
LH:17
BRDA:24,0,0,0
BRDA:24,0,1,2
BRDA:29,1,0,0
BRDA:29,1,1,2
BRF:4
BRH:2
end_of_record
